2022.10.09 23:27:07 INFO  ce[][o.s.p.ProcessEntryPoint] Starting Compute Engine
2022.10.09 23:27:07 INFO  ce[][o.s.ce.app.CeServer] Compute Engine starting up...
2022.10.09 23:27:08 INFO  ce[][o.sonar.db.Database] Create JDBC data source for jdbc:h2:tcp://127.0.0.1:9092/sonar;NON_KEYWORDS=VALUE
2022.10.09 23:27:08 WARN  ce[][o.s.db.dialect.H2] H2 database should be used for evaluation purpose only.
2022.10.09 23:27:09 INFO  ce[][o.s.s.p.ServerFileSystemImpl] SonarQube home: /Users/theeban/Downloads/sonarqube-9.6.1.59531
2022.10.09 23:27:09 INFO  ce[][o.s.c.c.CePluginRepository] Load plugins
2022.10.09 23:27:11 INFO  ce[][o.s.c.c.ComputeEngineContainerImpl] Running Community edition
2022.10.09 23:27:11 INFO  ce[][o.s.ce.app.CeServer] Compute Engine is started
2022.10.09 23:32:10 INFO  ce[][o.s.c.t.CeWorkerImpl] Execute task | project=healistry-back-end-sonar | type=REPORT | id=AYO96VElGSSbyXRazUd6 | submitter=admin
2022.10.09 23:32:10 INFO  ce[AYO96VElGSSbyXRazUd6][o.s.c.t.s.ComputationStepExecutor] Extract report | status=SUCCESS | time=38ms
2022.10.09 23:32:10 INFO  ce[AYO96VElGSSbyXRazUd6][o.s.c.t.s.ComputationStepExecutor] Persist scanner context | status=SUCCESS | time=13ms
2022.10.09 23:32:11 INFO  ce[AYO96VElGSSbyXRazUd6][o.s.c.t.s.ComputationStepExecutor] Propagate analysis warnings from scanner report | status=SUCCESS | time=118ms
2022.10.09 23:32:11 INFO  ce[AYO96VElGSSbyXRazUd6][o.s.c.t.s.ComputationStepExecutor] Generate analysis UUID | status=SUCCESS | time=0ms
2022.10.09 23:32:11 INFO  ce[AYO96VElGSSbyXRazUd6][o.s.c.t.s.ComputationStepExecutor] Load analysis metadata | status=SUCCESS | time=107ms
2022.10.09 23:32:11 INFO  ce[AYO96VElGSSbyXRazUd6][o.s.c.t.s.ComputationStepExecutor] Initialize | status=SUCCESS | time=0ms
2022.10.09 23:32:11 INFO  ce[AYO96VElGSSbyXRazUd6][o.s.c.t.s.ComputationStepExecutor] Build tree of components | components=18 | status=SUCCESS | time=73ms
2022.10.09 23:32:11 INFO  ce[AYO96VElGSSbyXRazUd6][o.s.c.t.s.ComputationStepExecutor] Validate project | status=SUCCESS | time=9ms
2022.10.09 23:32:11 INFO  ce[AYO96VElGSSbyXRazUd6][o.s.s.e.EsClientProvider] Connected to local Elasticsearch: [http://localhost:9001]
2022.10.09 23:32:15 INFO  ce[AYO96VElGSSbyXRazUd6][o.s.c.t.s.ComputationStepExecutor] Load quality profiles | status=SUCCESS | time=3437ms
2022.10.09 23:32:15 INFO  ce[AYO96VElGSSbyXRazUd6][o.s.c.t.s.ComputationStepExecutor] Load file hashes and statuses | status=SUCCESS | time=5ms
2022.10.09 23:32:15 INFO  ce[AYO96VElGSSbyXRazUd6][o.s.c.t.s.ComputationStepExecutor] Load Quality gate | status=SUCCESS | time=10ms
2022.10.09 23:32:15 INFO  ce[AYO96VElGSSbyXRazUd6][o.s.c.t.s.ComputationStepExecutor] Load new code period | status=SUCCESS | time=7ms
2022.10.09 23:32:15 INFO  ce[AYO96VElGSSbyXRazUd6][o.s.c.t.s.ComputationStepExecutor] Detect file moves | status=SUCCESS | time=0ms
2022.10.09 23:32:15 INFO  ce[AYO96VElGSSbyXRazUd6][o.s.c.t.s.ComputationStepExecutor] Load duplications | duplications=0 | status=SUCCESS | time=5ms
2022.10.09 23:32:15 INFO  ce[AYO96VElGSSbyXRazUd6][o.s.c.t.s.ComputationStepExecutor] Compute cross project duplications | status=SUCCESS | time=0ms
2022.10.09 23:32:15 INFO  ce[AYO96VElGSSbyXRazUd6][o.s.c.t.s.ComputationStepExecutor] Compute size measures | status=SUCCESS | time=17ms
2022.10.09 23:32:15 INFO  ce[AYO96VElGSSbyXRazUd6][o.s.c.t.s.ComputationStepExecutor] Compute new coverage | status=SUCCESS | time=5ms
2022.10.09 23:32:15 INFO  ce[AYO96VElGSSbyXRazUd6][o.s.c.t.s.ComputationStepExecutor] Compute coverage measures | status=SUCCESS | time=149ms
2022.10.09 23:32:15 INFO  ce[AYO96VElGSSbyXRazUd6][o.s.c.t.s.ComputationStepExecutor] Compute comment measures | status=SUCCESS | time=1ms
2022.10.09 23:32:15 INFO  ce[AYO96VElGSSbyXRazUd6][o.s.c.t.s.ComputationStepExecutor] Compute duplication measures | status=SUCCESS | time=1ms
2022.10.09 23:32:15 INFO  ce[AYO96VElGSSbyXRazUd6][o.s.c.t.s.ComputationStepExecutor] Compute size measures on new code | status=SUCCESS | time=1ms
2022.10.09 23:32:15 INFO  ce[AYO96VElGSSbyXRazUd6][o.s.c.t.s.ComputationStepExecutor] Compute language distribution | status=SUCCESS | time=18ms
2022.10.09 23:32:15 INFO  ce[AYO96VElGSSbyXRazUd6][o.s.c.t.s.ComputationStepExecutor] Compute test measures | status=SUCCESS | time=1ms
2022.10.09 23:32:15 INFO  ce[AYO96VElGSSbyXRazUd6][o.s.c.t.s.ComputationStepExecutor] Compute complexity measures | status=SUCCESS | time=4ms
2022.10.09 23:32:15 INFO  ce[AYO96VElGSSbyXRazUd6][o.s.c.t.s.ComputationStepExecutor] Load measure computers | status=SUCCESS | time=3ms
2022.10.09 23:32:15 INFO  ce[AYO96VElGSSbyXRazUd6][o.s.c.t.s.ComputationStepExecutor] Compute Quality Profile status | status=SUCCESS | time=4ms
2022.10.09 23:32:16 INFO  ce[AYO96VElGSSbyXRazUd6][o.s.c.t.s.ComputationStepExecutor] Execute component visitors | status=SUCCESS | time=999ms
2022.10.09 23:32:16 INFO  ce[AYO96VElGSSbyXRazUd6][o.s.c.t.s.ComputationStepExecutor] Checks executed after computation of measures | status=SUCCESS | time=0ms
2022.10.09 23:32:16 INFO  ce[AYO96VElGSSbyXRazUd6][o.s.c.t.s.ComputationStepExecutor] Compute Quality Gate measures | status=SUCCESS | time=10ms
2022.10.09 23:32:16 INFO  ce[AYO96VElGSSbyXRazUd6][o.s.c.t.s.ComputationStepExecutor] Compute Quality profile measures | status=SUCCESS | time=8ms
2022.10.09 23:32:16 INFO  ce[AYO96VElGSSbyXRazUd6][o.s.c.t.s.ComputationStepExecutor] Generate Quality profile events | status=SUCCESS | time=2ms
2022.10.09 23:32:16 INFO  ce[AYO96VElGSSbyXRazUd6][o.s.c.t.s.ComputationStepExecutor] Generate Quality gate events | status=SUCCESS | time=2ms
2022.10.09 23:32:16 INFO  ce[AYO96VElGSSbyXRazUd6][o.s.c.t.s.ComputationStepExecutor] Check upgrade possibility for not analyzed code files. | status=SUCCESS | time=1ms
2022.10.09 23:32:16 INFO  ce[AYO96VElGSSbyXRazUd6][o.s.c.t.s.ComputationStepExecutor] Persist scanner analysis cache | status=SUCCESS | time=0ms
2022.10.09 23:32:17 INFO  ce[AYO96VElGSSbyXRazUd6][o.s.c.t.s.ComputationStepExecutor] Persist components | status=SUCCESS | time=161ms
2022.10.09 23:32:17 INFO  ce[AYO96VElGSSbyXRazUd6][o.s.c.t.s.ComputationStepExecutor] Persist analysis | status=SUCCESS | time=2ms
2022.10.09 23:32:17 INFO  ce[AYO96VElGSSbyXRazUd6][o.s.c.t.s.ComputationStepExecutor] Persist analysis properties | status=SUCCESS | time=5ms
2022.10.09 23:32:17 INFO  ce[AYO96VElGSSbyXRazUd6][o.s.c.t.s.ComputationStepExecutor] Persist measures | inserts=51 | status=SUCCESS | time=16ms
2022.10.09 23:32:17 INFO  ce[AYO96VElGSSbyXRazUd6][o.s.c.t.s.ComputationStepExecutor] Persist live measures | insertsOrUpdates=670 | status=SUCCESS | time=393ms
2022.10.09 23:32:17 INFO  ce[AYO96VElGSSbyXRazUd6][o.s.c.t.s.ComputationStepExecutor] Persist duplication data | insertsOrUpdates=0 | status=SUCCESS | time=0ms
2022.10.09 23:32:17 INFO  ce[AYO96VElGSSbyXRazUd6][o.s.c.t.s.ComputationStepExecutor] Persist new ad hoc Rules | status=SUCCESS | time=1ms
2022.10.09 23:32:17 INFO  ce[AYO96VElGSSbyXRazUd6][o.s.c.t.s.ComputationStepExecutor] Persist issues | cacheSize=8.3 kB | inserts=19 | updates=0 | merged=0 | status=SUCCESS | time=18ms
2022.10.09 23:32:17 INFO  ce[AYO96VElGSSbyXRazUd6][o.s.c.t.s.ComputationStepExecutor] Delete issue changes | changes=0 | status=SUCCESS | time=0ms
2022.10.09 23:32:17 INFO  ce[AYO96VElGSSbyXRazUd6][o.s.c.t.s.ComputationStepExecutor] Persist project links | status=SUCCESS | time=5ms
2022.10.09 23:32:17 INFO  ce[AYO96VElGSSbyXRazUd6][o.s.c.t.s.ComputationStepExecutor] Persist events | status=SUCCESS | time=8ms
2022.10.09 23:32:18 INFO  ce[AYO96VElGSSbyXRazUd6][o.s.c.t.s.ComputationStepExecutor] Persist sources | status=SUCCESS | time=762ms
2022.10.09 23:32:18 INFO  ce[AYO96VElGSSbyXRazUd6][o.s.c.t.s.ComputationStepExecutor] Persist cross project duplications | status=SUCCESS | time=0ms
2022.10.09 23:32:18 INFO  ce[AYO96VElGSSbyXRazUd6][o.s.c.t.s.ComputationStepExecutor] Enable analysis | status=SUCCESS | time=6ms
2022.10.09 23:32:18 INFO  ce[AYO96VElGSSbyXRazUd6][o.s.c.t.s.ComputationStepExecutor] Update last usage date of quality profiles | status=SUCCESS | time=7ms
2022.10.09 23:32:18 INFO  ce[AYO96VElGSSbyXRazUd6][o.s.c.t.s.ComputationStepExecutor] Purge db | status=SUCCESS | time=211ms
2022.10.09 23:32:19 INFO  ce[AYO96VElGSSbyXRazUd6][o.s.c.t.s.ComputationStepExecutor] Index analysis | status=SUCCESS | time=1041ms
2022.10.09 23:32:19 INFO  ce[AYO96VElGSSbyXRazUd6][o.s.c.t.s.ComputationStepExecutor] Update need issue sync for branch | status=SUCCESS | time=2ms
2022.10.09 23:32:19 INFO  ce[AYO96VElGSSbyXRazUd6][o.s.c.t.s.ComputationStepExecutor] Publishing taint vulnerabilities events | status=SUCCESS | time=2ms
2022.10.09 23:32:19 INFO  ce[AYO96VElGSSbyXRazUd6][o.s.c.t.s.ComputationStepExecutor] Send issue notifications | newIssuesNotifs=0 | newIssuesDeliveries=0 | myNewIssuesNotifs=0 | myNewIssuesDeliveries=0 | changesNotifs=0 | changesDeliveries=0 | status=SUCCESS | time=5ms
2022.10.09 23:32:19 INFO  ce[AYO96VElGSSbyXRazUd6][o.s.c.t.s.ComputationStepExecutor] Publish task results | status=SUCCESS | time=0ms
2022.10.09 23:32:19 INFO  ce[AYO96VElGSSbyXRazUd6][o.s.c.t.s.ComputationStepExecutor] Trigger refresh of Portfolios and Applications | status=SUCCESS | time=0ms
2022.10.09 23:32:19 INFO  ce[AYO96VElGSSbyXRazUd6][o.s.c.t.p.a.p.PostProjectAnalysisTasksExecutor] Webhooks | globalWebhooks=0 | projectWebhooks=0 | status=SUCCESS | time=5ms
2022.10.09 23:32:19 INFO  ce[AYO96VElGSSbyXRazUd6][o.s.c.t.CeWorkerImpl] Executed task | project=healistry-back-end-sonar | type=REPORT | id=AYO96VElGSSbyXRazUd6 | submitter=admin | status=SUCCESS | time=9440ms
2022.10.09 23:38:55 INFO  ce[][o.s.c.t.CeWorkerImpl] Execute task | project=healistry-ui-admin-sonar | type=REPORT | id=AYO974LxGSSbyXRazUeH | submitter=admin
2022.10.09 23:38:56 INFO  ce[AYO974LxGSSbyXRazUeH][o.s.c.t.s.ComputationStepExecutor] Extract report | status=SUCCESS | time=102ms
2022.10.09 23:38:56 INFO  ce[AYO974LxGSSbyXRazUeH][o.s.c.t.s.ComputationStepExecutor] Persist scanner context | status=SUCCESS | time=23ms
2022.10.09 23:38:56 INFO  ce[AYO974LxGSSbyXRazUeH][o.s.c.t.s.ComputationStepExecutor] Propagate analysis warnings from scanner report | status=SUCCESS | time=14ms
2022.10.09 23:38:56 INFO  ce[AYO974LxGSSbyXRazUeH][o.s.c.t.s.ComputationStepExecutor] Generate analysis UUID | status=SUCCESS | time=1ms
2022.10.09 23:38:56 INFO  ce[AYO974LxGSSbyXRazUeH][o.s.c.t.s.ComputationStepExecutor] Load analysis metadata | status=SUCCESS | time=31ms
2022.10.09 23:38:56 INFO  ce[AYO974LxGSSbyXRazUeH][o.s.c.t.s.ComputationStepExecutor] Initialize | status=SUCCESS | time=0ms
2022.10.09 23:38:56 INFO  ce[AYO974LxGSSbyXRazUeH][o.s.c.t.s.ComputationStepExecutor] Build tree of components | components=37 | status=SUCCESS | time=60ms
2022.10.09 23:38:56 INFO  ce[AYO974LxGSSbyXRazUeH][o.s.c.t.s.ComputationStepExecutor] Validate project | status=SUCCESS | time=6ms
2022.10.09 23:38:59 INFO  ce[AYO974LxGSSbyXRazUeH][o.s.c.t.s.ComputationStepExecutor] Load quality profiles | status=SUCCESS | time=2975ms
2022.10.09 23:38:59 INFO  ce[AYO974LxGSSbyXRazUeH][o.s.c.t.s.ComputationStepExecutor] Load file hashes and statuses | status=SUCCESS | time=1ms
2022.10.09 23:38:59 INFO  ce[AYO974LxGSSbyXRazUeH][o.s.c.t.s.ComputationStepExecutor] Load Quality gate | status=SUCCESS | time=6ms
2022.10.09 23:38:59 INFO  ce[AYO974LxGSSbyXRazUeH][o.s.c.t.s.ComputationStepExecutor] Load new code period | status=SUCCESS | time=1ms
2022.10.09 23:38:59 INFO  ce[AYO974LxGSSbyXRazUeH][o.s.c.t.s.ComputationStepExecutor] Detect file moves | status=SUCCESS | time=0ms
2022.10.09 23:38:59 INFO  ce[AYO974LxGSSbyXRazUeH][o.s.c.t.s.ComputationStepExecutor] Load duplications | duplications=112 | status=SUCCESS | time=60ms
2022.10.09 23:38:59 INFO  ce[AYO974LxGSSbyXRazUeH][o.s.c.t.s.ComputationStepExecutor] Compute cross project duplications | status=SUCCESS | time=0ms
2022.10.09 23:38:59 INFO  ce[AYO974LxGSSbyXRazUeH][o.s.c.t.s.ComputationStepExecutor] Compute size measures | status=SUCCESS | time=7ms
2022.10.09 23:38:59 INFO  ce[AYO974LxGSSbyXRazUeH][o.s.c.t.s.ComputationStepExecutor] Compute new coverage | status=SUCCESS | time=145ms
2022.10.09 23:38:59 INFO  ce[AYO974LxGSSbyXRazUeH][o.s.c.t.s.ComputationStepExecutor] Compute coverage measures | status=SUCCESS | time=12ms
2022.10.09 23:38:59 INFO  ce[AYO974LxGSSbyXRazUeH][o.s.c.t.s.ComputationStepExecutor] Compute comment measures | status=SUCCESS | time=2ms
2022.10.09 23:38:59 INFO  ce[AYO974LxGSSbyXRazUeH][o.s.c.t.s.ComputationStepExecutor] Compute duplication measures | status=SUCCESS | time=5ms
2022.10.09 23:38:59 INFO  ce[AYO974LxGSSbyXRazUeH][o.s.c.t.s.ComputationStepExecutor] Compute size measures on new code | status=SUCCESS | time=1ms
2022.10.09 23:38:59 INFO  ce[AYO974LxGSSbyXRazUeH][o.s.c.t.s.ComputationStepExecutor] Compute language distribution | status=SUCCESS | time=2ms
2022.10.09 23:38:59 INFO  ce[AYO974LxGSSbyXRazUeH][o.s.c.t.s.ComputationStepExecutor] Compute test measures | status=SUCCESS | time=0ms
2022.10.09 23:38:59 INFO  ce[AYO974LxGSSbyXRazUeH][o.s.c.t.s.ComputationStepExecutor] Compute complexity measures | status=SUCCESS | time=2ms
2022.10.09 23:38:59 INFO  ce[AYO974LxGSSbyXRazUeH][o.s.c.t.s.ComputationStepExecutor] Load measure computers | status=SUCCESS | time=0ms
2022.10.09 23:38:59 INFO  ce[AYO974LxGSSbyXRazUeH][o.s.c.t.s.ComputationStepExecutor] Compute Quality Profile status | status=SUCCESS | time=2ms
2022.10.09 23:39:00 INFO  ce[AYO974LxGSSbyXRazUeH][o.s.c.t.s.ComputationStepExecutor] Execute component visitors | status=SUCCESS | time=456ms
2022.10.09 23:39:00 INFO  ce[AYO974LxGSSbyXRazUeH][o.s.c.t.s.ComputationStepExecutor] Checks executed after computation of measures | status=SUCCESS | time=0ms
2022.10.09 23:39:00 INFO  ce[AYO974LxGSSbyXRazUeH][o.s.c.t.s.ComputationStepExecutor] Compute Quality Gate measures | status=SUCCESS | time=0ms
2022.10.09 23:39:00 INFO  ce[AYO974LxGSSbyXRazUeH][o.s.c.t.s.ComputationStepExecutor] Compute Quality profile measures | status=SUCCESS | time=1ms
2022.10.09 23:39:00 INFO  ce[AYO974LxGSSbyXRazUeH][o.s.c.t.s.ComputationStepExecutor] Generate Quality profile events | status=SUCCESS | time=2ms
2022.10.09 23:39:00 INFO  ce[AYO974LxGSSbyXRazUeH][o.s.c.t.s.ComputationStepExecutor] Generate Quality gate events | status=SUCCESS | time=1ms
2022.10.09 23:39:00 INFO  ce[AYO974LxGSSbyXRazUeH][o.s.c.t.s.ComputationStepExecutor] Check upgrade possibility for not analyzed code files. | status=SUCCESS | time=0ms
2022.10.09 23:39:00 INFO  ce[AYO974LxGSSbyXRazUeH][o.s.c.t.s.ComputationStepExecutor] Persist scanner analysis cache | status=SUCCESS | time=0ms
2022.10.09 23:39:00 INFO  ce[AYO974LxGSSbyXRazUeH][o.s.c.t.s.ComputationStepExecutor] Persist components | status=SUCCESS | time=28ms
2022.10.09 23:39:00 INFO  ce[AYO974LxGSSbyXRazUeH][o.s.c.t.s.ComputationStepExecutor] Persist analysis | status=SUCCESS | time=1ms
2022.10.09 23:39:00 INFO  ce[AYO974LxGSSbyXRazUeH][o.s.c.t.s.ComputationStepExecutor] Persist analysis properties | status=SUCCESS | time=2ms
2022.10.09 23:39:00 INFO  ce[AYO974LxGSSbyXRazUeH][o.s.c.t.s.ComputationStepExecutor] Persist measures | inserts=51 | status=SUCCESS | time=15ms
2022.10.09 23:39:00 INFO  ce[AYO974LxGSSbyXRazUeH][o.s.c.t.s.ComputationStepExecutor] Persist live measures | insertsOrUpdates=1273 | status=SUCCESS | time=538ms
2022.10.09 23:39:00 INFO  ce[AYO974LxGSSbyXRazUeH][o.s.c.t.s.ComputationStepExecutor] Persist duplication data | insertsOrUpdates=0 | status=SUCCESS | time=80ms
2022.10.09 23:39:00 INFO  ce[AYO974LxGSSbyXRazUeH][o.s.c.t.s.ComputationStepExecutor] Persist new ad hoc Rules | status=SUCCESS | time=0ms
2022.10.09 23:39:01 INFO  ce[AYO974LxGSSbyXRazUeH][o.s.c.t.s.ComputationStepExecutor] Persist issues | cacheSize=16.9 kB | inserts=41 | updates=0 | merged=0 | status=SUCCESS | time=61ms
2022.10.09 23:39:01 INFO  ce[AYO974LxGSSbyXRazUeH][o.s.c.t.s.ComputationStepExecutor] Delete issue changes | changes=0 | status=SUCCESS | time=0ms
2022.10.09 23:39:01 INFO  ce[AYO974LxGSSbyXRazUeH][o.s.c.t.s.ComputationStepExecutor] Persist project links | status=SUCCESS | time=3ms
2022.10.09 23:39:01 INFO  ce[AYO974LxGSSbyXRazUeH][o.s.c.t.s.ComputationStepExecutor] Persist events | status=SUCCESS | time=3ms
2022.10.09 23:39:01 INFO  ce[AYO974LxGSSbyXRazUeH][o.s.c.t.s.ComputationStepExecutor] Persist sources | status=SUCCESS | time=753ms
2022.10.09 23:39:01 INFO  ce[AYO974LxGSSbyXRazUeH][o.s.c.t.s.ComputationStepExecutor] Persist cross project duplications | status=SUCCESS | time=0ms
2022.10.09 23:39:01 INFO  ce[AYO974LxGSSbyXRazUeH][o.s.c.t.s.ComputationStepExecutor] Enable analysis | status=SUCCESS | time=4ms
2022.10.09 23:39:01 INFO  ce[AYO974LxGSSbyXRazUeH][o.s.c.t.s.ComputationStepExecutor] Update last usage date of quality profiles | status=SUCCESS | time=17ms
2022.10.09 23:39:01 INFO  ce[AYO974LxGSSbyXRazUeH][o.s.c.t.s.ComputationStepExecutor] Purge db | status=SUCCESS | time=101ms
2022.10.09 23:39:03 INFO  ce[AYO974LxGSSbyXRazUeH][o.s.c.t.s.ComputationStepExecutor] Index analysis | status=SUCCESS | time=1495ms
2022.10.09 23:39:03 INFO  ce[AYO974LxGSSbyXRazUeH][o.s.c.t.s.ComputationStepExecutor] Update need issue sync for branch | status=SUCCESS | time=2ms
2022.10.09 23:39:03 INFO  ce[AYO974LxGSSbyXRazUeH][o.s.c.t.s.ComputationStepExecutor] Publishing taint vulnerabilities events | status=SUCCESS | time=3ms
2022.10.09 23:39:03 INFO  ce[AYO974LxGSSbyXRazUeH][o.s.c.t.s.ComputationStepExecutor] Send issue notifications | newIssuesNotifs=0 | newIssuesDeliveries=0 | myNewIssuesNotifs=0 | myNewIssuesDeliveries=0 | changesNotifs=0 | changesDeliveries=0 | status=SUCCESS | time=2ms
2022.10.09 23:39:03 INFO  ce[AYO974LxGSSbyXRazUeH][o.s.c.t.s.ComputationStepExecutor] Publish task results | status=SUCCESS | time=0ms
2022.10.09 23:39:03 INFO  ce[AYO974LxGSSbyXRazUeH][o.s.c.t.s.ComputationStepExecutor] Trigger refresh of Portfolios and Applications | status=SUCCESS | time=0ms
2022.10.09 23:39:03 INFO  ce[AYO974LxGSSbyXRazUeH][o.s.c.t.p.a.p.PostProjectAnalysisTasksExecutor] Webhooks | globalWebhooks=0 | projectWebhooks=0 | status=SUCCESS | time=3ms
2022.10.09 23:39:03 INFO  ce[AYO974LxGSSbyXRazUeH][o.s.c.t.CeWorkerImpl] Executed task | project=healistry-ui-admin-sonar | type=REPORT | id=AYO974LxGSSbyXRazUeH | submitter=admin | status=SUCCESS | time=7678ms
2022.10.09 23:43:13 INFO  ce[][o.s.c.t.CeWorkerImpl] Execute task | project=healistry-ui-user-sonar | type=REPORT | id=AYO983SRGSSbyXRazUeU | submitter=admin
2022.10.09 23:43:13 INFO  ce[AYO983SRGSSbyXRazUeU][o.s.c.t.s.ComputationStepExecutor] Extract report | status=SUCCESS | time=126ms
2022.10.09 23:43:13 INFO  ce[AYO983SRGSSbyXRazUeU][o.s.c.t.s.ComputationStepExecutor] Persist scanner context | status=SUCCESS | time=30ms
2022.10.09 23:43:13 INFO  ce[AYO983SRGSSbyXRazUeU][o.s.c.t.s.ComputationStepExecutor] Propagate analysis warnings from scanner report | status=SUCCESS | time=8ms
2022.10.09 23:43:13 INFO  ce[AYO983SRGSSbyXRazUeU][o.s.c.t.s.ComputationStepExecutor] Generate analysis UUID | status=SUCCESS | time=0ms
2022.10.09 23:43:13 INFO  ce[AYO983SRGSSbyXRazUeU][o.s.c.t.s.ComputationStepExecutor] Load analysis metadata | status=SUCCESS | time=13ms
2022.10.09 23:43:13 INFO  ce[AYO983SRGSSbyXRazUeU][o.s.c.t.s.ComputationStepExecutor] Initialize | status=SUCCESS | time=0ms
2022.10.09 23:43:13 INFO  ce[AYO983SRGSSbyXRazUeU][o.s.c.t.s.ComputationStepExecutor] Build tree of components | components=45 | status=SUCCESS | time=49ms
2022.10.09 23:43:13 INFO  ce[AYO983SRGSSbyXRazUeU][o.s.c.t.s.ComputationStepExecutor] Validate project | status=SUCCESS | time=3ms
2022.10.09 23:43:15 INFO  ce[AYO983SRGSSbyXRazUeU][o.s.c.t.s.ComputationStepExecutor] Load quality profiles | status=SUCCESS | time=2312ms
2022.10.09 23:43:15 INFO  ce[AYO983SRGSSbyXRazUeU][o.s.c.t.s.ComputationStepExecutor] Load file hashes and statuses | status=SUCCESS | time=5ms
2022.10.09 23:43:16 INFO  ce[AYO983SRGSSbyXRazUeU][o.s.c.t.s.ComputationStepExecutor] Load Quality gate | status=SUCCESS | time=11ms
2022.10.09 23:43:16 INFO  ce[AYO983SRGSSbyXRazUeU][o.s.c.t.s.ComputationStepExecutor] Load new code period | status=SUCCESS | time=3ms
2022.10.09 23:43:16 INFO  ce[AYO983SRGSSbyXRazUeU][o.s.c.t.s.ComputationStepExecutor] Detect file moves | status=SUCCESS | time=0ms
2022.10.09 23:43:16 INFO  ce[AYO983SRGSSbyXRazUeU][o.s.c.t.s.ComputationStepExecutor] Load duplications | duplications=0 | status=SUCCESS | time=3ms
2022.10.09 23:43:16 INFO  ce[AYO983SRGSSbyXRazUeU][o.s.c.t.s.ComputationStepExecutor] Compute cross project duplications | status=SUCCESS | time=0ms
2022.10.09 23:43:16 INFO  ce[AYO983SRGSSbyXRazUeU][o.s.c.t.s.ComputationStepExecutor] Compute size measures | status=SUCCESS | time=9ms
2022.10.09 23:43:16 INFO  ce[AYO983SRGSSbyXRazUeU][o.s.c.t.s.ComputationStepExecutor] Compute new coverage | status=SUCCESS | time=1ms
2022.10.09 23:43:16 INFO  ce[AYO983SRGSSbyXRazUeU][o.s.c.t.s.ComputationStepExecutor] Compute coverage measures | status=SUCCESS | time=7ms
2022.10.09 23:43:16 INFO  ce[AYO983SRGSSbyXRazUeU][o.s.c.t.s.ComputationStepExecutor] Compute comment measures | status=SUCCESS | time=2ms
2022.10.09 23:43:16 INFO  ce[AYO983SRGSSbyXRazUeU][o.s.c.t.s.ComputationStepExecutor] Compute duplication measures | status=SUCCESS | time=1ms
2022.10.09 23:43:16 INFO  ce[AYO983SRGSSbyXRazUeU][o.s.c.t.s.ComputationStepExecutor] Compute size measures on new code | status=SUCCESS | time=1ms
2022.10.09 23:43:16 INFO  ce[AYO983SRGSSbyXRazUeU][o.s.c.t.s.ComputationStepExecutor] Compute language distribution | status=SUCCESS | time=4ms
2022.10.09 23:43:16 INFO  ce[AYO983SRGSSbyXRazUeU][o.s.c.t.s.ComputationStepExecutor] Compute test measures | status=SUCCESS | time=1ms
2022.10.09 23:43:16 INFO  ce[AYO983SRGSSbyXRazUeU][o.s.c.t.s.ComputationStepExecutor] Compute complexity measures | status=SUCCESS | time=2ms
2022.10.09 23:43:16 INFO  ce[AYO983SRGSSbyXRazUeU][o.s.c.t.s.ComputationStepExecutor] Load measure computers | status=SUCCESS | time=0ms
2022.10.09 23:43:16 INFO  ce[AYO983SRGSSbyXRazUeU][o.s.c.t.s.ComputationStepExecutor] Compute Quality Profile status | status=SUCCESS | time=4ms
2022.10.09 23:43:16 INFO  ce[AYO983SRGSSbyXRazUeU][o.s.c.t.s.ComputationStepExecutor] Execute component visitors | status=SUCCESS | time=386ms
2022.10.09 23:43:16 INFO  ce[AYO983SRGSSbyXRazUeU][o.s.c.t.s.ComputationStepExecutor] Checks executed after computation of measures | status=SUCCESS | time=0ms
2022.10.09 23:43:16 INFO  ce[AYO983SRGSSbyXRazUeU][o.s.c.t.s.ComputationStepExecutor] Compute Quality Gate measures | status=SUCCESS | time=2ms
2022.10.09 23:43:16 INFO  ce[AYO983SRGSSbyXRazUeU][o.s.c.t.s.ComputationStepExecutor] Compute Quality profile measures | status=SUCCESS | time=0ms
2022.10.09 23:43:16 INFO  ce[AYO983SRGSSbyXRazUeU][o.s.c.t.s.ComputationStepExecutor] Generate Quality profile events | status=SUCCESS | time=2ms
2022.10.09 23:43:16 INFO  ce[AYO983SRGSSbyXRazUeU][o.s.c.t.s.ComputationStepExecutor] Generate Quality gate events | status=SUCCESS | time=2ms
2022.10.09 23:43:16 INFO  ce[AYO983SRGSSbyXRazUeU][o.s.c.t.s.ComputationStepExecutor] Check upgrade possibility for not analyzed code files. | status=SUCCESS | time=0ms
2022.10.09 23:43:16 INFO  ce[AYO983SRGSSbyXRazUeU][o.s.c.t.s.ComputationStepExecutor] Persist scanner analysis cache | status=SUCCESS | time=0ms
2022.10.09 23:43:16 INFO  ce[AYO983SRGSSbyXRazUeU][o.s.c.t.s.ComputationStepExecutor] Persist components | status=SUCCESS | time=34ms
2022.10.09 23:43:16 INFO  ce[AYO983SRGSSbyXRazUeU][o.s.c.t.s.ComputationStepExecutor] Persist analysis | status=SUCCESS | time=1ms
2022.10.09 23:43:16 INFO  ce[AYO983SRGSSbyXRazUeU][o.s.c.t.s.ComputationStepExecutor] Persist analysis properties | status=SUCCESS | time=4ms
2022.10.09 23:43:16 INFO  ce[AYO983SRGSSbyXRazUeU][o.s.c.t.s.ComputationStepExecutor] Persist measures | inserts=50 | status=SUCCESS | time=11ms
2022.10.09 23:43:16 INFO  ce[AYO983SRGSSbyXRazUeU][o.s.c.t.s.ComputationStepExecutor] Persist live measures | insertsOrUpdates=1382 | status=SUCCESS | time=285ms
2022.10.09 23:43:16 INFO  ce[AYO983SRGSSbyXRazUeU][o.s.c.t.s.ComputationStepExecutor] Persist duplication data | insertsOrUpdates=0 | status=SUCCESS | time=1ms
2022.10.09 23:43:16 INFO  ce[AYO983SRGSSbyXRazUeU][o.s.c.t.s.ComputationStepExecutor] Persist new ad hoc Rules | status=SUCCESS | time=0ms
2022.10.09 23:43:16 INFO  ce[AYO983SRGSSbyXRazUeU][o.s.c.t.s.ComputationStepExecutor] Persist issues | cacheSize=47.6 kB | inserts=104 | updates=0 | merged=0 | status=SUCCESS | time=36ms
2022.10.09 23:43:16 INFO  ce[AYO983SRGSSbyXRazUeU][o.s.c.t.s.ComputationStepExecutor] Delete issue changes | changes=0 | status=SUCCESS | time=0ms
2022.10.09 23:43:16 INFO  ce[AYO983SRGSSbyXRazUeU][o.s.c.t.s.ComputationStepExecutor] Persist project links | status=SUCCESS | time=3ms
2022.10.09 23:43:16 INFO  ce[AYO983SRGSSbyXRazUeU][o.s.c.t.s.ComputationStepExecutor] Persist events | status=SUCCESS | time=6ms
2022.10.09 23:43:17 INFO  ce[AYO983SRGSSbyXRazUeU][o.s.c.t.s.ComputationStepExecutor] Persist sources | status=SUCCESS | time=229ms
2022.10.09 23:43:17 INFO  ce[AYO983SRGSSbyXRazUeU][o.s.c.t.s.ComputationStepExecutor] Persist cross project duplications | status=SUCCESS | time=0ms
2022.10.09 23:43:17 INFO  ce[AYO983SRGSSbyXRazUeU][o.s.c.t.s.ComputationStepExecutor] Enable analysis | status=SUCCESS | time=6ms
2022.10.09 23:43:17 INFO  ce[AYO983SRGSSbyXRazUeU][o.s.c.t.s.ComputationStepExecutor] Update last usage date of quality profiles | status=SUCCESS | time=21ms
2022.10.09 23:43:17 INFO  ce[AYO983SRGSSbyXRazUeU][o.s.c.t.s.ComputationStepExecutor] Purge db | status=SUCCESS | time=53ms
2022.10.09 23:43:18 INFO  ce[AYO983SRGSSbyXRazUeU][o.s.c.t.s.ComputationStepExecutor] Index analysis | status=SUCCESS | time=1241ms
2022.10.09 23:43:18 INFO  ce[AYO983SRGSSbyXRazUeU][o.s.c.t.s.ComputationStepExecutor] Update need issue sync for branch | status=SUCCESS | time=2ms
2022.10.09 23:43:18 INFO  ce[AYO983SRGSSbyXRazUeU][o.s.c.t.s.ComputationStepExecutor] Publishing taint vulnerabilities events | status=SUCCESS | time=5ms
2022.10.09 23:43:18 INFO  ce[AYO983SRGSSbyXRazUeU][o.s.c.t.s.ComputationStepExecutor] Send issue notifications | newIssuesNotifs=0 | newIssuesDeliveries=0 | myNewIssuesNotifs=0 | myNewIssuesDeliveries=0 | changesNotifs=0 | changesDeliveries=0 | status=SUCCESS | time=2ms
2022.10.09 23:43:18 INFO  ce[AYO983SRGSSbyXRazUeU][o.s.c.t.s.ComputationStepExecutor] Publish task results | status=SUCCESS | time=0ms
2022.10.09 23:43:18 INFO  ce[AYO983SRGSSbyXRazUeU][o.s.c.t.s.ComputationStepExecutor] Trigger refresh of Portfolios and Applications | status=SUCCESS | time=0ms
2022.10.09 23:43:18 INFO  ce[AYO983SRGSSbyXRazUeU][o.s.c.t.p.a.p.PostProjectAnalysisTasksExecutor] Webhooks | globalWebhooks=0 | projectWebhooks=0 | status=SUCCESS | time=4ms
2022.10.09 23:43:18 INFO  ce[AYO983SRGSSbyXRazUeU][o.s.c.t.CeWorkerImpl] Executed task | project=healistry-ui-user-sonar | type=REPORT | id=AYO983SRGSSbyXRazUeU | submitter=admin | status=SUCCESS | time=5369ms
2022.10.09 23:45:30 INFO  ce[][o.s.p.ProcessEntryPoint] Gracefully stopping process
2022.10.09 23:45:31 INFO  ce[][o.s.ce.app.CeServer] Compute Engine is stopping...
2022.10.09 23:45:31 INFO  ce[][o.s.c.t.CeProcessingSchedulerImpl] Gracefully stopping workers...
2022.10.09 23:45:31 INFO  ce[][o.s.ce.app.CeServer] Compute Engine is stopped
2022.10.09 23:48:04 INFO  ce[][o.s.p.ProcessEntryPoint] Starting Compute Engine
2022.10.09 23:48:04 INFO  ce[][o.s.ce.app.CeServer] Compute Engine starting up...
2022.10.09 23:48:04 INFO  ce[][o.sonar.db.Database] Create JDBC data source for jdbc:h2:tcp://127.0.0.1:9092/sonar;NON_KEYWORDS=VALUE
2022.10.09 23:48:05 WARN  ce[][o.s.db.dialect.H2] H2 database should be used for evaluation purpose only.
2022.10.09 23:48:05 INFO  ce[][o.s.s.p.ServerFileSystemImpl] SonarQube home: /Users/theeban/Desktop/SLIIT/3rd Year/2nd Semester/Hospital-Management-System/sonarqube-9.6.1.59531
2022.10.09 23:48:06 INFO  ce[][o.s.c.c.CePluginRepository] Load plugins
2022.10.09 23:48:07 INFO  ce[][o.s.c.c.ComputeEngineContainerImpl] Running Community edition
2022.10.09 23:48:07 INFO  ce[][o.s.ce.app.CeServer] Compute Engine is started
