2022.10.11 23:20:22 INFO  ce[][o.s.p.ProcessEntryPoint] Starting Compute Engine
2022.10.11 23:20:22 INFO  ce[][o.s.ce.app.CeServer] Compute Engine starting up...
2022.10.11 23:20:23 INFO  ce[][o.sonar.db.Database] Create JDBC data source for jdbc:h2:tcp://127.0.0.1:9092/sonar;NON_KEYWORDS=VALUE
2022.10.11 23:20:23 WARN  ce[][o.s.db.dialect.H2] H2 database should be used for evaluation purpose only.
2022.10.11 23:20:24 INFO  ce[][o.s.s.p.ServerFileSystemImpl] SonarQube home: /Users/theeban/Desktop/SLIIT/3rd Year/2nd Semester/Hospital-Management-System/sonarqube-9.6.1.59531
2022.10.11 23:20:24 INFO  ce[][o.s.c.c.CePluginRepository] Load plugins
2022.10.11 23:20:25 INFO  ce[][o.s.c.c.ComputeEngineContainerImpl] Running Community edition
2022.10.11 23:20:25 INFO  ce[][o.s.ce.app.CeServer] Compute Engine is started
2022.10.11 23:35:55 INFO  ce[][o.s.c.t.CeWorkerImpl] Execute task | project=healistry-ui-admin-new-sonar | type=REPORT | id=AYPIOXTZZYACPe74Mj0u | submitter=admin
2022.10.11 23:35:58 INFO  ce[AYPIOXTZZYACPe74Mj0u][o.s.c.t.s.ComputationStepExecutor] Extract report | status=SUCCESS | time=2131ms
2022.10.11 23:35:59 INFO  ce[AYPIOXTZZYACPe74Mj0u][o.s.c.t.s.ComputationStepExecutor] Persist scanner context | status=SUCCESS | time=39ms
2022.10.11 23:35:59 INFO  ce[AYPIOXTZZYACPe74Mj0u][o.s.c.t.s.ComputationStepExecutor] Propagate analysis warnings from scanner report | status=SUCCESS | time=64ms
2022.10.11 23:35:59 INFO  ce[AYPIOXTZZYACPe74Mj0u][o.s.c.t.s.ComputationStepExecutor] Generate analysis UUID | status=SUCCESS | time=0ms
2022.10.11 23:35:59 INFO  ce[AYPIOXTZZYACPe74Mj0u][o.s.c.t.s.ComputationStepExecutor] Load analysis metadata | status=SUCCESS | time=286ms
2022.10.11 23:35:59 INFO  ce[AYPIOXTZZYACPe74Mj0u][o.s.c.t.s.ComputationStepExecutor] Initialize | status=SUCCESS | time=0ms
2022.10.11 23:35:59 INFO  ce[AYPIOXTZZYACPe74Mj0u][o.s.c.t.s.ComputationStepExecutor] Build tree of components | components=251 | status=SUCCESS | time=501ms
2022.10.11 23:35:59 INFO  ce[AYPIOXTZZYACPe74Mj0u][o.s.c.t.s.ComputationStepExecutor] Validate project | status=SUCCESS | time=13ms
2022.10.11 23:36:00 INFO  ce[AYPIOXTZZYACPe74Mj0u][o.s.s.e.EsClientProvider] Connected to local Elasticsearch: [http://localhost:9001]
2022.10.11 23:36:11 INFO  ce[AYPIOXTZZYACPe74Mj0u][o.s.c.t.s.ComputationStepExecutor] Load quality profiles | status=SUCCESS | time=9630ms
2022.10.11 23:36:11 INFO  ce[AYPIOXTZZYACPe74Mj0u][o.s.c.t.s.ComputationStepExecutor] Load file hashes and statuses | status=SUCCESS | time=13ms
2022.10.11 23:36:11 INFO  ce[AYPIOXTZZYACPe74Mj0u][o.s.c.t.s.ComputationStepExecutor] Load Quality gate | status=SUCCESS | time=159ms
2022.10.11 23:36:11 INFO  ce[AYPIOXTZZYACPe74Mj0u][o.s.c.t.s.ComputationStepExecutor] Load new code period | status=SUCCESS | time=8ms
2022.10.11 23:36:11 INFO  ce[AYPIOXTZZYACPe74Mj0u][o.s.c.t.s.ComputationStepExecutor] Detect file moves | status=SUCCESS | time=0ms
2022.10.11 23:36:11 INFO  ce[AYPIOXTZZYACPe74Mj0u][o.s.c.t.s.ComputationStepExecutor] Load duplications | duplications=78 | status=SUCCESS | time=209ms
2022.10.11 23:36:11 INFO  ce[AYPIOXTZZYACPe74Mj0u][o.s.c.t.s.ComputationStepExecutor] Compute cross project duplications | status=SUCCESS | time=0ms
2022.10.11 23:36:11 INFO  ce[AYPIOXTZZYACPe74Mj0u][o.s.c.t.s.ComputationStepExecutor] Compute size measures | status=SUCCESS | time=212ms
2022.10.11 23:36:11 INFO  ce[AYPIOXTZZYACPe74Mj0u][o.s.c.t.s.ComputationStepExecutor] Compute new coverage | status=SUCCESS | time=19ms
2022.10.11 23:36:11 INFO  ce[AYPIOXTZZYACPe74Mj0u][o.s.c.t.s.ComputationStepExecutor] Compute coverage measures | status=SUCCESS | time=61ms
2022.10.11 23:36:12 INFO  ce[AYPIOXTZZYACPe74Mj0u][o.s.c.t.s.ComputationStepExecutor] Compute comment measures | status=SUCCESS | time=19ms
2022.10.11 23:36:12 INFO  ce[AYPIOXTZZYACPe74Mj0u][o.s.c.t.s.ComputationStepExecutor] Compute duplication measures | status=SUCCESS | time=649ms
2022.10.11 23:36:12 INFO  ce[AYPIOXTZZYACPe74Mj0u][o.s.c.t.s.ComputationStepExecutor] Compute size measures on new code | status=SUCCESS | time=5ms
2022.10.11 23:36:12 INFO  ce[AYPIOXTZZYACPe74Mj0u][o.s.c.t.s.ComputationStepExecutor] Compute language distribution | status=SUCCESS | time=46ms
2022.10.11 23:36:12 INFO  ce[AYPIOXTZZYACPe74Mj0u][o.s.c.t.s.ComputationStepExecutor] Compute test measures | status=SUCCESS | time=6ms
2022.10.11 23:36:12 INFO  ce[AYPIOXTZZYACPe74Mj0u][o.s.c.t.s.ComputationStepExecutor] Compute complexity measures | status=SUCCESS | time=11ms
2022.10.11 23:36:12 INFO  ce[AYPIOXTZZYACPe74Mj0u][o.s.c.t.s.ComputationStepExecutor] Load measure computers | status=SUCCESS | time=4ms
2022.10.11 23:36:13 INFO  ce[AYPIOXTZZYACPe74Mj0u][o.s.c.t.s.ComputationStepExecutor] Compute Quality Profile status | status=SUCCESS | time=8ms
2022.10.11 23:36:17 INFO  ce[AYPIOXTZZYACPe74Mj0u][o.s.c.t.s.ComputationStepExecutor] Execute component visitors | status=SUCCESS | time=4540ms
2022.10.11 23:36:17 INFO  ce[AYPIOXTZZYACPe74Mj0u][o.s.c.t.s.ComputationStepExecutor] Checks executed after computation of measures | status=SUCCESS | time=0ms
2022.10.11 23:36:17 INFO  ce[AYPIOXTZZYACPe74Mj0u][o.s.c.t.s.ComputationStepExecutor] Compute Quality Gate measures | status=SUCCESS | time=11ms
2022.10.11 23:36:17 INFO  ce[AYPIOXTZZYACPe74Mj0u][o.s.c.t.s.ComputationStepExecutor] Compute Quality profile measures | status=SUCCESS | time=81ms
2022.10.11 23:36:18 INFO  ce[AYPIOXTZZYACPe74Mj0u][o.s.c.t.s.ComputationStepExecutor] Generate Quality profile events | status=SUCCESS | time=2ms
2022.10.11 23:36:18 INFO  ce[AYPIOXTZZYACPe74Mj0u][o.s.c.t.s.ComputationStepExecutor] Generate Quality gate events | status=SUCCESS | time=2ms
2022.10.11 23:36:18 INFO  ce[AYPIOXTZZYACPe74Mj0u][o.s.c.t.s.ComputationStepExecutor] Check upgrade possibility for not analyzed code files. | status=SUCCESS | time=2ms
2022.10.11 23:36:18 INFO  ce[AYPIOXTZZYACPe74Mj0u][o.s.c.t.s.ComputationStepExecutor] Persist scanner analysis cache | status=SUCCESS | time=0ms
2022.10.11 23:36:18 INFO  ce[AYPIOXTZZYACPe74Mj0u][o.s.c.t.s.ComputationStepExecutor] Persist components | status=SUCCESS | time=249ms
2022.10.11 23:36:18 INFO  ce[AYPIOXTZZYACPe74Mj0u][o.s.c.t.s.ComputationStepExecutor] Persist analysis | status=SUCCESS | time=4ms
2022.10.11 23:36:18 INFO  ce[AYPIOXTZZYACPe74Mj0u][o.s.c.t.s.ComputationStepExecutor] Persist analysis properties | status=SUCCESS | time=34ms
2022.10.11 23:36:18 INFO  ce[AYPIOXTZZYACPe74Mj0u][o.s.c.t.s.ComputationStepExecutor] Persist measures | inserts=51 | status=SUCCESS | time=24ms
2022.10.11 23:36:22 INFO  ce[AYPIOXTZZYACPe74Mj0u][o.s.c.t.s.ComputationStepExecutor] Persist live measures | insertsOrUpdates=6440 | status=SUCCESS | time=4563ms
2022.10.11 23:36:23 INFO  ce[AYPIOXTZZYACPe74Mj0u][o.s.c.t.s.ComputationStepExecutor] Persist duplication data | insertsOrUpdates=0 | status=SUCCESS | time=90ms
2022.10.11 23:36:23 INFO  ce[AYPIOXTZZYACPe74Mj0u][o.s.c.t.s.ComputationStepExecutor] Persist new ad hoc Rules | status=SUCCESS | time=1ms
2022.10.11 23:36:23 INFO  ce[AYPIOXTZZYACPe74Mj0u][o.s.c.t.s.ComputationStepExecutor] Persist issues | cacheSize=120.0 kB | inserts=244 | updates=0 | merged=0 | status=SUCCESS | time=647ms
2022.10.11 23:36:23 INFO  ce[AYPIOXTZZYACPe74Mj0u][o.s.c.t.s.ComputationStepExecutor] Delete issue changes | changes=0 | status=SUCCESS | time=0ms
2022.10.11 23:36:23 INFO  ce[AYPIOXTZZYACPe74Mj0u][o.s.c.t.s.ComputationStepExecutor] Persist project links | status=SUCCESS | time=47ms
2022.10.11 23:36:23 INFO  ce[AYPIOXTZZYACPe74Mj0u][o.s.c.t.s.ComputationStepExecutor] Persist events | status=SUCCESS | time=11ms
2022.10.11 23:36:31 INFO  ce[AYPIOXTZZYACPe74Mj0u][o.s.c.t.s.ComputationStepExecutor] Persist sources | status=SUCCESS | time=7488ms
2022.10.11 23:36:31 INFO  ce[AYPIOXTZZYACPe74Mj0u][o.s.c.t.s.ComputationStepExecutor] Persist cross project duplications | status=SUCCESS | time=0ms
2022.10.11 23:36:31 INFO  ce[AYPIOXTZZYACPe74Mj0u][o.s.c.t.s.ComputationStepExecutor] Enable analysis | status=SUCCESS | time=5ms
2022.10.11 23:36:31 INFO  ce[AYPIOXTZZYACPe74Mj0u][o.s.c.t.s.ComputationStepExecutor] Update last usage date of quality profiles | status=SUCCESS | time=22ms
2022.10.11 23:36:31 INFO  ce[AYPIOXTZZYACPe74Mj0u][o.s.c.t.s.ComputationStepExecutor] Purge db | status=SUCCESS | time=267ms
2022.10.11 23:36:35 INFO  ce[AYPIOXTZZYACPe74Mj0u][o.s.c.t.s.ComputationStepExecutor] Index analysis | status=SUCCESS | time=3541ms
2022.10.11 23:36:35 INFO  ce[AYPIOXTZZYACPe74Mj0u][o.s.c.t.s.ComputationStepExecutor] Update need issue sync for branch | status=SUCCESS | time=5ms
2022.10.11 23:36:35 INFO  ce[AYPIOXTZZYACPe74Mj0u][o.s.c.t.s.ComputationStepExecutor] Publishing taint vulnerabilities events | status=SUCCESS | time=16ms
2022.10.11 23:36:35 INFO  ce[AYPIOXTZZYACPe74Mj0u][o.s.c.t.s.ComputationStepExecutor] Send issue notifications | newIssuesNotifs=0 | newIssuesDeliveries=0 | myNewIssuesNotifs=0 | myNewIssuesDeliveries=0 | changesNotifs=0 | changesDeliveries=0 | status=SUCCESS | time=10ms
2022.10.11 23:36:35 INFO  ce[AYPIOXTZZYACPe74Mj0u][o.s.c.t.s.ComputationStepExecutor] Publish task results | status=SUCCESS | time=0ms
2022.10.11 23:36:35 INFO  ce[AYPIOXTZZYACPe74Mj0u][o.s.c.t.s.ComputationStepExecutor] Trigger refresh of Portfolios and Applications | status=SUCCESS | time=0ms
2022.10.11 23:36:35 INFO  ce[AYPIOXTZZYACPe74Mj0u][o.s.c.t.p.a.p.PostProjectAnalysisTasksExecutor] Webhooks | globalWebhooks=0 | projectWebhooks=0 | status=SUCCESS | time=8ms
2022.10.11 23:36:36 INFO  ce[AYPIOXTZZYACPe74Mj0u][o.s.c.t.CeWorkerImpl] Executed task | project=healistry-ui-admin-new-sonar | type=REPORT | id=AYPIOXTZZYACPe74Mj0u | submitter=admin | status=SUCCESS | time=41330ms
2022.10.11 23:51:08 INFO  ce[][o.s.c.t.CeWorkerImpl] Execute task | project=healistry-ui-admin-new-sonar | type=REPORT | id=AYPIR2t3ZYACPe74Mj0v | submitter=admin
2022.10.11 23:51:10 INFO  ce[AYPIR2t3ZYACPe74Mj0v][o.s.c.t.s.ComputationStepExecutor] Extract report | status=SUCCESS | time=658ms
2022.10.11 23:51:10 INFO  ce[AYPIR2t3ZYACPe74Mj0v][o.s.c.t.s.ComputationStepExecutor] Persist scanner context | status=SUCCESS | time=63ms
2022.10.11 23:51:10 INFO  ce[AYPIR2t3ZYACPe74Mj0v][o.s.c.t.s.ComputationStepExecutor] Propagate analysis warnings from scanner report | status=SUCCESS | time=338ms
2022.10.11 23:51:10 INFO  ce[AYPIR2t3ZYACPe74Mj0v][o.s.c.t.s.ComputationStepExecutor] Generate analysis UUID | status=SUCCESS | time=0ms
2022.10.11 23:51:10 INFO  ce[AYPIR2t3ZYACPe74Mj0v][o.s.c.t.s.ComputationStepExecutor] Load analysis metadata | status=SUCCESS | time=131ms
2022.10.11 23:51:10 INFO  ce[AYPIR2t3ZYACPe74Mj0v][o.s.c.t.s.ComputationStepExecutor] Initialize | status=SUCCESS | time=0ms
2022.10.11 23:51:11 INFO  ce[AYPIR2t3ZYACPe74Mj0v][o.s.c.t.s.ComputationStepExecutor] Build tree of components | components=245 | status=SUCCESS | time=500ms
2022.10.11 23:51:11 INFO  ce[AYPIR2t3ZYACPe74Mj0v][o.s.c.t.s.ComputationStepExecutor] Validate project | status=SUCCESS | time=75ms
2022.10.11 23:51:17 INFO  ce[AYPIR2t3ZYACPe74Mj0v][o.s.c.t.s.ComputationStepExecutor] Load quality profiles | status=SUCCESS | time=5901ms
2022.10.11 23:51:17 INFO  ce[AYPIR2t3ZYACPe74Mj0v][o.s.c.t.s.ComputationStepExecutor] Load file hashes and statuses | status=SUCCESS | time=474ms
2022.10.11 23:51:17 INFO  ce[AYPIR2t3ZYACPe74Mj0v][o.s.c.t.s.ComputationStepExecutor] Load Quality gate | status=SUCCESS | time=10ms
2022.10.11 23:51:17 INFO  ce[AYPIR2t3ZYACPe74Mj0v][o.s.c.t.s.ComputationStepExecutor] Load new code period | status=SUCCESS | time=16ms
2022.10.11 23:51:18 INFO  ce[AYPIR2t3ZYACPe74Mj0v][o.s.c.t.s.ComputationStepExecutor] Detect file moves | reportFiles=199 | dbFiles=204 | addedFiles=0 | status=SUCCESS | time=169ms
2022.10.11 23:51:18 INFO  ce[AYPIR2t3ZYACPe74Mj0v][o.s.c.t.s.ComputationStepExecutor] Load duplications | duplications=31 | status=SUCCESS | time=62ms
2022.10.11 23:51:18 INFO  ce[AYPIR2t3ZYACPe74Mj0v][o.s.c.t.s.ComputationStepExecutor] Compute cross project duplications | status=SUCCESS | time=0ms
2022.10.11 23:51:18 INFO  ce[AYPIR2t3ZYACPe74Mj0v][o.s.c.t.s.ComputationStepExecutor] Compute size measures | status=SUCCESS | time=308ms
2022.10.11 23:51:20 INFO  ce[AYPIR2t3ZYACPe74Mj0v][o.s.c.t.s.ComputationStepExecutor] Compute new coverage | status=SUCCESS | time=2120ms
2022.10.11 23:51:20 INFO  ce[AYPIR2t3ZYACPe74Mj0v][o.s.c.t.s.ComputationStepExecutor] Compute coverage measures | status=SUCCESS | time=42ms
2022.10.11 23:51:20 INFO  ce[AYPIR2t3ZYACPe74Mj0v][o.s.c.t.s.ComputationStepExecutor] Compute comment measures | status=SUCCESS | time=9ms
2022.10.11 23:51:20 INFO  ce[AYPIR2t3ZYACPe74Mj0v][o.s.c.t.s.ComputationStepExecutor] Compute duplication measures | status=SUCCESS | time=3ms
2022.10.11 23:51:20 INFO  ce[AYPIR2t3ZYACPe74Mj0v][o.s.c.t.s.ComputationStepExecutor] Compute size measures on new code | status=SUCCESS | time=68ms
2022.10.11 23:51:21 INFO  ce[AYPIR2t3ZYACPe74Mj0v][o.s.c.t.s.ComputationStepExecutor] Compute language distribution | status=SUCCESS | time=49ms
2022.10.11 23:51:21 INFO  ce[AYPIR2t3ZYACPe74Mj0v][o.s.c.t.s.ComputationStepExecutor] Compute test measures | status=SUCCESS | time=2ms
2022.10.11 23:51:21 INFO  ce[AYPIR2t3ZYACPe74Mj0v][o.s.c.t.s.ComputationStepExecutor] Compute complexity measures | status=SUCCESS | time=10ms
2022.10.11 23:51:21 INFO  ce[AYPIR2t3ZYACPe74Mj0v][o.s.c.t.s.ComputationStepExecutor] Load measure computers | status=SUCCESS | time=1ms
2022.10.11 23:51:21 INFO  ce[AYPIR2t3ZYACPe74Mj0v][o.s.c.t.s.ComputationStepExecutor] Compute Quality Profile status | status=SUCCESS | time=59ms
2022.10.11 23:51:23 INFO  ce[AYPIR2t3ZYACPe74Mj0v][o.s.c.t.s.ComputationStepExecutor] Execute component visitors | status=SUCCESS | time=2561ms
2022.10.11 23:51:24 INFO  ce[AYPIR2t3ZYACPe74Mj0v][o.s.c.t.s.ComputationStepExecutor] Checks executed after computation of measures | status=SUCCESS | time=0ms
2022.10.11 23:51:24 INFO  ce[AYPIR2t3ZYACPe74Mj0v][o.s.c.t.s.ComputationStepExecutor] Compute Quality Gate measures | status=SUCCESS | time=10ms
2022.10.11 23:51:24 INFO  ce[AYPIR2t3ZYACPe74Mj0v][o.s.c.t.s.ComputationStepExecutor] Compute Quality profile measures | status=SUCCESS | time=1ms
2022.10.11 23:51:24 INFO  ce[AYPIR2t3ZYACPe74Mj0v][o.s.c.t.s.ComputationStepExecutor] Generate Quality profile events | status=SUCCESS | time=9ms
2022.10.11 23:51:24 INFO  ce[AYPIR2t3ZYACPe74Mj0v][o.s.c.t.s.ComputationStepExecutor] Generate Quality gate events | status=SUCCESS | time=2ms
2022.10.11 23:51:24 INFO  ce[AYPIR2t3ZYACPe74Mj0v][o.s.c.t.s.ComputationStepExecutor] Check upgrade possibility for not analyzed code files. | status=SUCCESS | time=0ms
2022.10.11 23:51:24 INFO  ce[AYPIR2t3ZYACPe74Mj0v][o.s.c.t.s.ComputationStepExecutor] Persist scanner analysis cache | status=SUCCESS | time=0ms
2022.10.11 23:51:24 INFO  ce[AYPIR2t3ZYACPe74Mj0v][o.s.c.t.s.ComputationStepExecutor] Persist components | status=SUCCESS | time=64ms
2022.10.11 23:51:24 INFO  ce[AYPIR2t3ZYACPe74Mj0v][o.s.c.t.s.ComputationStepExecutor] Persist analysis | status=SUCCESS | time=3ms
2022.10.11 23:51:24 INFO  ce[AYPIR2t3ZYACPe74Mj0v][o.s.c.t.s.ComputationStepExecutor] Persist analysis properties | status=SUCCESS | time=4ms
2022.10.11 23:51:24 INFO  ce[AYPIR2t3ZYACPe74Mj0v][o.s.c.t.s.ComputationStepExecutor] Persist measures | inserts=53 | status=SUCCESS | time=19ms
2022.10.11 23:51:32 INFO  ce[AYPIR2t3ZYACPe74Mj0v][o.s.c.t.s.ComputationStepExecutor] Persist live measures | insertsOrUpdates=8809 | status=SUCCESS | time=8564ms
2022.10.11 23:51:33 INFO  ce[AYPIR2t3ZYACPe74Mj0v][o.s.c.t.s.ComputationStepExecutor] Persist duplication data | insertsOrUpdates=0 | status=SUCCESS | time=167ms
2022.10.11 23:51:33 INFO  ce[AYPIR2t3ZYACPe74Mj0v][o.s.c.t.s.ComputationStepExecutor] Persist new ad hoc Rules | status=SUCCESS | time=0ms
2022.10.11 23:51:33 INFO  ce[AYPIR2t3ZYACPe74Mj0v][o.s.c.t.s.ComputationStepExecutor] Persist issues | cacheSize=1.6 kB | inserts=0 | updates=2 | merged=0 | status=SUCCESS | time=284ms
2022.10.11 23:51:33 INFO  ce[AYPIR2t3ZYACPe74Mj0v][o.s.c.t.s.ComputationStepExecutor] Delete issue changes | changes=0 | status=SUCCESS | time=0ms
2022.10.11 23:51:33 INFO  ce[AYPIR2t3ZYACPe74Mj0v][o.s.c.t.s.ComputationStepExecutor] Persist project links | status=SUCCESS | time=93ms
2022.10.11 23:51:33 INFO  ce[AYPIR2t3ZYACPe74Mj0v][o.s.c.t.s.ComputationStepExecutor] Persist events | status=SUCCESS | time=49ms
2022.10.11 23:51:41 INFO  ce[AYPIR2t3ZYACPe74Mj0v][o.s.c.t.s.ComputationStepExecutor] Persist sources | status=SUCCESS | time=7843ms
2022.10.11 23:51:41 INFO  ce[AYPIR2t3ZYACPe74Mj0v][o.s.c.t.s.ComputationStepExecutor] Persist cross project duplications | status=SUCCESS | time=0ms
2022.10.11 23:51:41 INFO  ce[AYPIR2t3ZYACPe74Mj0v][o.s.c.t.s.ComputationStepExecutor] Enable analysis | status=SUCCESS | time=14ms
2022.10.11 23:51:41 INFO  ce[AYPIR2t3ZYACPe74Mj0v][o.s.c.t.s.ComputationStepExecutor] Update last usage date of quality profiles | status=SUCCESS | time=15ms
2022.10.11 23:51:43 INFO  ce[AYPIR2t3ZYACPe74Mj0v][o.s.c.t.s.ComputationStepExecutor] Purge db | status=SUCCESS | time=1389ms
2022.10.11 23:51:45 INFO  ce[AYPIR2t3ZYACPe74Mj0v][o.s.c.t.s.ComputationStepExecutor] Index analysis | status=SUCCESS | time=2475ms
2022.10.11 23:51:45 INFO  ce[AYPIR2t3ZYACPe74Mj0v][o.s.c.t.s.ComputationStepExecutor] Update need issue sync for branch | status=SUCCESS | time=7ms
2022.10.11 23:51:45 INFO  ce[AYPIR2t3ZYACPe74Mj0v][o.s.c.t.s.ComputationStepExecutor] Publishing taint vulnerabilities events | status=SUCCESS | time=3ms
2022.10.11 23:51:45 INFO  ce[AYPIR2t3ZYACPe74Mj0v][o.s.c.t.s.ComputationStepExecutor] Send issue notifications | newIssuesNotifs=0 | newIssuesDeliveries=0 | myNewIssuesNotifs=0 | myNewIssuesDeliveries=0 | changesNotifs=0 | changesDeliveries=0 | status=SUCCESS | time=6ms
2022.10.11 23:51:45 INFO  ce[AYPIR2t3ZYACPe74Mj0v][o.s.c.t.s.ComputationStepExecutor] Publish task results | status=SUCCESS | time=0ms
2022.10.11 23:51:45 INFO  ce[AYPIR2t3ZYACPe74Mj0v][o.s.c.t.s.ComputationStepExecutor] Trigger refresh of Portfolios and Applications | status=SUCCESS | time=0ms
2022.10.11 23:51:45 INFO  ce[AYPIR2t3ZYACPe74Mj0v][o.s.c.t.p.a.p.PostProjectAnalysisTasksExecutor] Webhooks | globalWebhooks=0 | projectWebhooks=0 | status=SUCCESS | time=5ms
2022.10.11 23:51:46 INFO  ce[AYPIR2t3ZYACPe74Mj0v][o.s.c.t.CeWorkerImpl] Executed task | project=healistry-ui-admin-new-sonar | type=REPORT | id=AYPIR2t3ZYACPe74Mj0v | submitter=admin | status=SUCCESS | time=38086ms
