2022.10.12 00:03:21 INFO  ce[][o.s.c.t.CeWorkerImpl] Execute task | project=healistry-ui-admin-new-sonar | type=REPORT | id=AYPIUpyqZYACPe74Mj0w | submitter=admin
2022.10.12 00:03:24 INFO  ce[AYPIUpyqZYACPe74Mj0w][o.s.c.t.s.ComputationStepExecutor] Extract report | status=SUCCESS | time=1090ms
2022.10.12 00:03:24 INFO  ce[AYPIUpyqZYACPe74Mj0w][o.s.c.t.s.ComputationStepExecutor] Persist scanner context | status=SUCCESS | time=446ms
2022.10.12 00:03:24 INFO  ce[AYPIUpyqZYACPe74Mj0w][o.s.c.t.s.ComputationStepExecutor] Propagate analysis warnings from scanner report | status=SUCCESS | time=25ms
2022.10.12 00:03:24 INFO  ce[AYPIUpyqZYACPe74Mj0w][o.s.c.t.s.ComputationStepExecutor] Generate analysis UUID | status=SUCCESS | time=0ms
2022.10.12 00:03:24 INFO  ce[AYPIUpyqZYACPe74Mj0w][o.s.c.t.s.ComputationStepExecutor] Load analysis metadata | status=SUCCESS | time=40ms
2022.10.12 00:03:24 INFO  ce[AYPIUpyqZYACPe74Mj0w][o.s.c.t.s.ComputationStepExecutor] Initialize | status=SUCCESS | time=0ms
2022.10.12 00:03:25 INFO  ce[AYPIUpyqZYACPe74Mj0w][o.s.c.t.s.ComputationStepExecutor] Build tree of components | components=237 | status=SUCCESS | time=511ms
2022.10.12 00:03:25 INFO  ce[AYPIUpyqZYACPe74Mj0w][o.s.c.t.s.ComputationStepExecutor] Validate project | status=SUCCESS | time=10ms
2022.10.12 00:03:33 INFO  ce[AYPIUpyqZYACPe74Mj0w][o.s.c.t.s.ComputationStepExecutor] Load quality profiles | status=SUCCESS | time=8121ms
2022.10.12 00:03:34 INFO  ce[AYPIUpyqZYACPe74Mj0w][o.s.c.t.s.ComputationStepExecutor] Load file hashes and statuses | status=SUCCESS | time=678ms
2022.10.12 00:03:34 INFO  ce[AYPIUpyqZYACPe74Mj0w][o.s.c.t.s.ComputationStepExecutor] Load Quality gate | status=SUCCESS | time=32ms
2022.10.12 00:03:34 INFO  ce[AYPIUpyqZYACPe74Mj0w][o.s.c.t.s.ComputationStepExecutor] Load new code period | status=SUCCESS | time=99ms
2022.10.12 00:03:34 INFO  ce[AYPIUpyqZYACPe74Mj0w][o.s.c.t.s.ComputationStepExecutor] Detect file moves | reportFiles=192 | dbFiles=199 | addedFiles=0 | status=SUCCESS | time=210ms
2022.10.12 00:03:34 INFO  ce[AYPIUpyqZYACPe74Mj0w][o.s.c.t.s.ComputationStepExecutor] Load duplications | duplications=13 | status=SUCCESS | time=42ms
2022.10.12 00:03:34 INFO  ce[AYPIUpyqZYACPe74Mj0w][o.s.c.t.s.ComputationStepExecutor] Compute cross project duplications | status=SUCCESS | time=0ms
2022.10.12 00:03:35 INFO  ce[AYPIUpyqZYACPe74Mj0w][o.s.c.t.s.ComputationStepExecutor] Compute size measures | status=SUCCESS | time=630ms
2022.10.12 00:03:39 INFO  ce[AYPIUpyqZYACPe74Mj0w][o.s.c.t.s.ComputationStepExecutor] Compute new coverage | status=SUCCESS | time=3895ms
2022.10.12 00:03:39 INFO  ce[AYPIUpyqZYACPe74Mj0w][o.s.c.t.s.ComputationStepExecutor] Compute coverage measures | status=SUCCESS | time=82ms
2022.10.12 00:03:39 INFO  ce[AYPIUpyqZYACPe74Mj0w][o.s.c.t.s.ComputationStepExecutor] Compute comment measures | status=SUCCESS | time=14ms
2022.10.12 00:03:39 INFO  ce[AYPIUpyqZYACPe74Mj0w][o.s.c.t.s.ComputationStepExecutor] Compute duplication measures | status=SUCCESS | time=147ms
2022.10.12 00:03:39 INFO  ce[AYPIUpyqZYACPe74Mj0w][o.s.c.t.s.ComputationStepExecutor] Compute size measures on new code | status=SUCCESS | time=7ms
2022.10.12 00:03:39 INFO  ce[AYPIUpyqZYACPe74Mj0w][o.s.c.t.s.ComputationStepExecutor] Compute language distribution | status=SUCCESS | time=11ms
2022.10.12 00:03:39 INFO  ce[AYPIUpyqZYACPe74Mj0w][o.s.c.t.s.ComputationStepExecutor] Compute test measures | status=SUCCESS | time=10ms
2022.10.12 00:03:39 INFO  ce[AYPIUpyqZYACPe74Mj0w][o.s.c.t.s.ComputationStepExecutor] Compute complexity measures | status=SUCCESS | time=4ms
2022.10.12 00:03:39 INFO  ce[AYPIUpyqZYACPe74Mj0w][o.s.c.t.s.ComputationStepExecutor] Load measure computers | status=SUCCESS | time=1ms
2022.10.12 00:03:39 INFO  ce[AYPIUpyqZYACPe74Mj0w][o.s.c.t.s.ComputationStepExecutor] Compute Quality Profile status | status=SUCCESS | time=19ms
2022.10.12 00:03:43 INFO  ce[AYPIUpyqZYACPe74Mj0w][o.s.c.t.s.ComputationStepExecutor] Execute component visitors | status=SUCCESS | time=2868ms
2022.10.12 00:03:43 INFO  ce[AYPIUpyqZYACPe74Mj0w][o.s.c.t.s.ComputationStepExecutor] Checks executed after computation of measures | status=SUCCESS | time=0ms
2022.10.12 00:03:43 INFO  ce[AYPIUpyqZYACPe74Mj0w][o.s.c.t.s.ComputationStepExecutor] Compute Quality Gate measures | status=SUCCESS | time=12ms
2022.10.12 00:03:43 INFO  ce[AYPIUpyqZYACPe74Mj0w][o.s.c.t.s.ComputationStepExecutor] Compute Quality profile measures | status=SUCCESS | time=4ms
2022.10.12 00:03:43 INFO  ce[AYPIUpyqZYACPe74Mj0w][o.s.c.t.s.ComputationStepExecutor] Generate Quality profile events | status=SUCCESS | time=4ms
2022.10.12 00:03:43 INFO  ce[AYPIUpyqZYACPe74Mj0w][o.s.c.t.s.ComputationStepExecutor] Generate Quality gate events | status=SUCCESS | time=22ms
2022.10.12 00:03:43 INFO  ce[AYPIUpyqZYACPe74Mj0w][o.s.c.t.s.ComputationStepExecutor] Check upgrade possibility for not analyzed code files. | status=SUCCESS | time=1ms
2022.10.12 00:03:43 INFO  ce[AYPIUpyqZYACPe74Mj0w][o.s.c.t.s.ComputationStepExecutor] Persist scanner analysis cache | status=SUCCESS | time=4ms
2022.10.12 00:03:43 INFO  ce[AYPIUpyqZYACPe74Mj0w][o.s.c.t.s.ComputationStepExecutor] Persist components | status=SUCCESS | time=212ms
2022.10.12 00:03:43 INFO  ce[AYPIUpyqZYACPe74Mj0w][o.s.c.t.s.ComputationStepExecutor] Persist analysis | status=SUCCESS | time=3ms
2022.10.12 00:03:43 INFO  ce[AYPIUpyqZYACPe74Mj0w][o.s.c.t.s.ComputationStepExecutor] Persist analysis properties | status=SUCCESS | time=3ms
2022.10.12 00:03:43 INFO  ce[AYPIUpyqZYACPe74Mj0w][o.s.c.t.s.ComputationStepExecutor] Persist measures | inserts=53 | status=SUCCESS | time=16ms
2022.10.12 00:03:51 INFO  ce[AYPIUpyqZYACPe74Mj0w][o.s.c.t.s.ComputationStepExecutor] Persist live measures | insertsOrUpdates=8495 | status=SUCCESS | time=7691ms
2022.10.12 00:03:51 INFO  ce[AYPIUpyqZYACPe74Mj0w][o.s.c.t.s.ComputationStepExecutor] Persist duplication data | insertsOrUpdates=0 | status=SUCCESS | time=20ms
2022.10.12 00:03:51 INFO  ce[AYPIUpyqZYACPe74Mj0w][o.s.c.t.s.ComputationStepExecutor] Persist new ad hoc Rules | status=SUCCESS | time=0ms
2022.10.12 00:03:51 INFO  ce[AYPIUpyqZYACPe74Mj0w][o.s.c.t.s.ComputationStepExecutor] Persist issues | cacheSize=3.8 kB | inserts=0 | updates=5 | merged=0 | status=SUCCESS | time=107ms
2022.10.12 00:03:51 INFO  ce[AYPIUpyqZYACPe74Mj0w][o.s.c.t.s.ComputationStepExecutor] Delete issue changes | changes=0 | status=SUCCESS | time=0ms
2022.10.12 00:03:51 INFO  ce[AYPIUpyqZYACPe74Mj0w][o.s.c.t.s.ComputationStepExecutor] Persist project links | status=SUCCESS | time=9ms
2022.10.12 00:03:51 INFO  ce[AYPIUpyqZYACPe74Mj0w][o.s.c.t.s.ComputationStepExecutor] Persist events | status=SUCCESS | time=7ms
2022.10.12 00:03:54 INFO  ce[AYPIUpyqZYACPe74Mj0w][o.s.c.t.s.ComputationStepExecutor] Persist sources | status=SUCCESS | time=2930ms
2022.10.12 00:03:54 INFO  ce[AYPIUpyqZYACPe74Mj0w][o.s.c.t.s.ComputationStepExecutor] Persist cross project duplications | status=SUCCESS | time=0ms
2022.10.12 00:03:54 INFO  ce[AYPIUpyqZYACPe74Mj0w][o.s.c.t.s.ComputationStepExecutor] Enable analysis | status=SUCCESS | time=35ms
2022.10.12 00:03:54 INFO  ce[AYPIUpyqZYACPe74Mj0w][o.s.c.t.s.ComputationStepExecutor] Update last usage date of quality profiles | status=SUCCESS | time=41ms
2022.10.12 00:03:55 INFO  ce[AYPIUpyqZYACPe74Mj0w][o.s.c.t.s.ComputationStepExecutor] Purge db | status=SUCCESS | time=1512ms
2022.10.12 00:03:58 INFO  ce[AYPIUpyqZYACPe74Mj0w][o.s.c.t.s.ComputationStepExecutor] Index analysis | status=SUCCESS | time=3129ms
2022.10.12 00:03:59 INFO  ce[AYPIUpyqZYACPe74Mj0w][o.s.c.t.s.ComputationStepExecutor] Update need issue sync for branch | status=SUCCESS | time=10ms
2022.10.12 00:03:59 INFO  ce[AYPIUpyqZYACPe74Mj0w][o.s.c.t.s.ComputationStepExecutor] Publishing taint vulnerabilities events | status=SUCCESS | time=16ms
2022.10.12 00:03:59 INFO  ce[AYPIUpyqZYACPe74Mj0w][o.s.c.t.s.ComputationStepExecutor] Send issue notifications | newIssuesNotifs=0 | newIssuesDeliveries=0 | myNewIssuesNotifs=0 | myNewIssuesDeliveries=0 | changesNotifs=0 | changesDeliveries=0 | status=SUCCESS | time=19ms
2022.10.12 00:03:59 INFO  ce[AYPIUpyqZYACPe74Mj0w][o.s.c.t.s.ComputationStepExecutor] Publish task results | status=SUCCESS | time=0ms
2022.10.12 00:03:59 INFO  ce[AYPIUpyqZYACPe74Mj0w][o.s.c.t.s.ComputationStepExecutor] Trigger refresh of Portfolios and Applications | status=SUCCESS | time=0ms
2022.10.12 00:03:59 INFO  ce[AYPIUpyqZYACPe74Mj0w][o.s.c.t.p.a.p.PostProjectAnalysisTasksExecutor] Webhooks | globalWebhooks=0 | projectWebhooks=0 | status=SUCCESS | time=7ms
2022.10.12 00:04:00 INFO  ce[AYPIUpyqZYACPe74Mj0w][o.s.c.t.CeWorkerImpl] Executed task | project=healistry-ui-admin-new-sonar | type=REPORT | id=AYPIUpyqZYACPe74Mj0w | submitter=admin | status=SUCCESS | time=38687ms
2022.10.12 00:11:31 INFO  ce[][o.s.p.ProcessEntryPoint] Gracefully stopping process
2022.10.12 00:11:32 INFO  ce[][o.s.ce.app.CeServer] Compute Engine is stopping...
2022.10.12 00:11:32 INFO  ce[][o.s.c.t.CeProcessingSchedulerImpl] Gracefully stopping workers...
2022.10.12 00:11:32 INFO  ce[][o.s.ce.app.CeServer] Compute Engine is stopped
2022.10.12 02:00:50 INFO  ce[][o.s.p.ProcessEntryPoint] Starting Compute Engine
2022.10.12 02:00:50 INFO  ce[][o.s.ce.app.CeServer] Compute Engine starting up...
2022.10.12 02:00:50 INFO  ce[][o.sonar.db.Database] Create JDBC data source for jdbc:h2:tcp://127.0.0.1:9092/sonar;NON_KEYWORDS=VALUE
2022.10.12 02:00:50 WARN  ce[][o.s.db.dialect.H2] H2 database should be used for evaluation purpose only.
2022.10.12 02:00:51 INFO  ce[][o.s.s.p.ServerFileSystemImpl] SonarQube home: /Users/theeban/Desktop/SLIIT/3rd Year/2nd Semester/Hospital-Management-System/sonarqube-9.6.1.59531
2022.10.12 02:00:51 INFO  ce[][o.s.c.c.CePluginRepository] Load plugins
2022.10.12 02:00:52 INFO  ce[][o.s.c.c.ComputeEngineContainerImpl] Running Community edition
2022.10.12 02:00:52 INFO  ce[][o.s.ce.app.CeServer] Compute Engine is started
2022.10.12 02:04:39 INFO  ce[][o.s.c.t.CeWorkerImpl] Execute task | project=healistry-ui-admin-new-sonar | type=REPORT | id=AYPIwagM2Uutj6JoNNi9 | submitter=admin
2022.10.12 02:04:42 INFO  ce[AYPIwagM2Uutj6JoNNi9][o.s.c.t.s.ComputationStepExecutor] Extract report | status=SUCCESS | time=1307ms
2022.10.12 02:04:42 INFO  ce[AYPIwagM2Uutj6JoNNi9][o.s.c.t.s.ComputationStepExecutor] Persist scanner context | status=SUCCESS | time=83ms
2022.10.12 02:04:42 INFO  ce[AYPIwagM2Uutj6JoNNi9][o.s.c.t.s.ComputationStepExecutor] Propagate analysis warnings from scanner report | status=SUCCESS | time=5ms
2022.10.12 02:04:42 INFO  ce[AYPIwagM2Uutj6JoNNi9][o.s.c.t.s.ComputationStepExecutor] Generate analysis UUID | status=SUCCESS | time=0ms
2022.10.12 02:04:42 INFO  ce[AYPIwagM2Uutj6JoNNi9][o.s.c.t.s.ComputationStepExecutor] Load analysis metadata | status=SUCCESS | time=311ms
2022.10.12 02:04:42 INFO  ce[AYPIwagM2Uutj6JoNNi9][o.s.c.t.s.ComputationStepExecutor] Initialize | status=SUCCESS | time=0ms
2022.10.12 02:04:43 INFO  ce[AYPIwagM2Uutj6JoNNi9][o.s.c.t.s.ComputationStepExecutor] Build tree of components | components=211 | status=SUCCESS | time=221ms
2022.10.12 02:04:43 INFO  ce[AYPIwagM2Uutj6JoNNi9][o.s.c.t.s.ComputationStepExecutor] Validate project | status=SUCCESS | time=9ms
2022.10.12 02:04:43 INFO  ce[AYPIwagM2Uutj6JoNNi9][o.s.s.e.EsClientProvider] Connected to local Elasticsearch: [http://localhost:9001]
2022.10.12 02:04:50 INFO  ce[AYPIwagM2Uutj6JoNNi9][o.s.c.t.s.ComputationStepExecutor] Load quality profiles | status=SUCCESS | time=6682ms
2022.10.12 02:04:51 INFO  ce[AYPIwagM2Uutj6JoNNi9][o.s.c.t.s.ComputationStepExecutor] Load file hashes and statuses | status=SUCCESS | time=541ms
2022.10.12 02:04:51 INFO  ce[AYPIwagM2Uutj6JoNNi9][o.s.c.t.s.ComputationStepExecutor] Load Quality gate | status=SUCCESS | time=19ms
2022.10.12 02:04:51 INFO  ce[AYPIwagM2Uutj6JoNNi9][o.s.c.t.s.ComputationStepExecutor] Load new code period | status=SUCCESS | time=19ms
2022.10.12 02:04:51 INFO  ce[AYPIwagM2Uutj6JoNNi9][o.s.c.t.s.ComputationStepExecutor] Detect file moves | reportFiles=169 | dbFiles=192 | addedFiles=0 | status=SUCCESS | time=30ms
2022.10.12 02:04:51 INFO  ce[AYPIwagM2Uutj6JoNNi9][o.s.c.t.s.ComputationStepExecutor] Load duplications | duplications=5 | status=SUCCESS | time=46ms
2022.10.12 02:04:51 INFO  ce[AYPIwagM2Uutj6JoNNi9][o.s.c.t.s.ComputationStepExecutor] Compute cross project duplications | status=SUCCESS | time=0ms
2022.10.12 02:04:51 INFO  ce[AYPIwagM2Uutj6JoNNi9][o.s.c.t.s.ComputationStepExecutor] Compute size measures | status=SUCCESS | time=139ms
2022.10.12 02:04:53 INFO  ce[AYPIwagM2Uutj6JoNNi9][o.s.c.t.s.ComputationStepExecutor] Compute new coverage | status=SUCCESS | time=1994ms
2022.10.12 02:04:53 INFO  ce[AYPIwagM2Uutj6JoNNi9][o.s.c.t.s.ComputationStepExecutor] Compute coverage measures | status=SUCCESS | time=30ms
2022.10.12 02:04:53 INFO  ce[AYPIwagM2Uutj6JoNNi9][o.s.c.t.s.ComputationStepExecutor] Compute comment measures | status=SUCCESS | time=31ms
2022.10.12 02:04:53 INFO  ce[AYPIwagM2Uutj6JoNNi9][o.s.c.t.s.ComputationStepExecutor] Compute duplication measures | status=SUCCESS | time=14ms
2022.10.12 02:04:54 INFO  ce[AYPIwagM2Uutj6JoNNi9][o.s.c.t.s.ComputationStepExecutor] Compute size measures on new code | status=SUCCESS | time=50ms
2022.10.12 02:04:54 INFO  ce[AYPIwagM2Uutj6JoNNi9][o.s.c.t.s.ComputationStepExecutor] Compute language distribution | status=SUCCESS | time=50ms
2022.10.12 02:04:54 INFO  ce[AYPIwagM2Uutj6JoNNi9][o.s.c.t.s.ComputationStepExecutor] Compute test measures | status=SUCCESS | time=5ms
2022.10.12 02:04:54 INFO  ce[AYPIwagM2Uutj6JoNNi9][o.s.c.t.s.ComputationStepExecutor] Compute complexity measures | status=SUCCESS | time=13ms
2022.10.12 02:04:54 INFO  ce[AYPIwagM2Uutj6JoNNi9][o.s.c.t.s.ComputationStepExecutor] Load measure computers | status=SUCCESS | time=5ms
2022.10.12 02:04:54 INFO  ce[AYPIwagM2Uutj6JoNNi9][o.s.c.t.s.ComputationStepExecutor] Compute Quality Profile status | status=SUCCESS | time=31ms
2022.10.12 02:04:57 INFO  ce[AYPIwagM2Uutj6JoNNi9][o.s.c.t.s.ComputationStepExecutor] Execute component visitors | status=SUCCESS | time=2866ms
2022.10.12 02:04:57 INFO  ce[AYPIwagM2Uutj6JoNNi9][o.s.c.t.s.ComputationStepExecutor] Checks executed after computation of measures | status=SUCCESS | time=1ms
2022.10.12 02:04:57 INFO  ce[AYPIwagM2Uutj6JoNNi9][o.s.c.t.s.ComputationStepExecutor] Compute Quality Gate measures | status=SUCCESS | time=17ms
2022.10.12 02:04:57 INFO  ce[AYPIwagM2Uutj6JoNNi9][o.s.c.t.s.ComputationStepExecutor] Compute Quality profile measures | status=SUCCESS | time=6ms
2022.10.12 02:04:57 INFO  ce[AYPIwagM2Uutj6JoNNi9][o.s.c.t.s.ComputationStepExecutor] Generate Quality profile events | status=SUCCESS | time=4ms
2022.10.12 02:04:57 INFO  ce[AYPIwagM2Uutj6JoNNi9][o.s.c.t.s.ComputationStepExecutor] Generate Quality gate events | status=SUCCESS | time=10ms
2022.10.12 02:04:57 INFO  ce[AYPIwagM2Uutj6JoNNi9][o.s.c.t.s.ComputationStepExecutor] Check upgrade possibility for not analyzed code files. | status=SUCCESS | time=2ms
2022.10.12 02:04:57 INFO  ce[AYPIwagM2Uutj6JoNNi9][o.s.c.t.s.ComputationStepExecutor] Persist scanner analysis cache | status=SUCCESS | time=1ms
2022.10.12 02:04:57 INFO  ce[AYPIwagM2Uutj6JoNNi9][o.s.c.t.s.ComputationStepExecutor] Persist components | status=SUCCESS | time=119ms
2022.10.12 02:04:57 INFO  ce[AYPIwagM2Uutj6JoNNi9][o.s.c.t.s.ComputationStepExecutor] Persist analysis | status=SUCCESS | time=3ms
2022.10.12 02:04:57 INFO  ce[AYPIwagM2Uutj6JoNNi9][o.s.c.t.s.ComputationStepExecutor] Persist analysis properties | status=SUCCESS | time=8ms
2022.10.12 02:04:57 INFO  ce[AYPIwagM2Uutj6JoNNi9][o.s.c.t.s.ComputationStepExecutor] Persist measures | inserts=53 | status=SUCCESS | time=34ms
2022.10.12 02:04:59 INFO  ce[AYPIwagM2Uutj6JoNNi9][o.s.c.t.s.ComputationStepExecutor] Persist live measures | insertsOrUpdates=7607 | status=SUCCESS | time=2294ms
2022.10.12 02:04:59 INFO  ce[AYPIwagM2Uutj6JoNNi9][o.s.c.t.s.ComputationStepExecutor] Persist duplication data | insertsOrUpdates=0 | status=SUCCESS | time=22ms
2022.10.12 02:04:59 INFO  ce[AYPIwagM2Uutj6JoNNi9][o.s.c.t.s.ComputationStepExecutor] Persist new ad hoc Rules | status=SUCCESS | time=1ms
2022.10.12 02:05:00 INFO  ce[AYPIwagM2Uutj6JoNNi9][o.s.c.t.s.ComputationStepExecutor] Persist issues | cacheSize=66.5 kB | inserts=5 | updates=85 | merged=0 | status=SUCCESS | time=118ms
2022.10.12 02:05:00 INFO  ce[AYPIwagM2Uutj6JoNNi9][o.s.c.t.s.ComputationStepExecutor] Delete issue changes | changes=0 | status=SUCCESS | time=0ms
2022.10.12 02:05:00 INFO  ce[AYPIwagM2Uutj6JoNNi9][o.s.c.t.s.ComputationStepExecutor] Persist project links | status=SUCCESS | time=9ms
2022.10.12 02:05:00 INFO  ce[AYPIwagM2Uutj6JoNNi9][o.s.c.t.s.ComputationStepExecutor] Persist events | status=SUCCESS | time=10ms
2022.10.12 02:05:01 INFO  ce[AYPIwagM2Uutj6JoNNi9][o.s.c.t.s.ComputationStepExecutor] Persist sources | status=SUCCESS | time=1430ms
2022.10.12 02:05:01 INFO  ce[AYPIwagM2Uutj6JoNNi9][o.s.c.t.s.ComputationStepExecutor] Persist cross project duplications | status=SUCCESS | time=0ms
2022.10.12 02:05:01 INFO  ce[AYPIwagM2Uutj6JoNNi9][o.s.c.t.s.ComputationStepExecutor] Enable analysis | status=SUCCESS | time=6ms
2022.10.12 02:05:01 INFO  ce[AYPIwagM2Uutj6JoNNi9][o.s.c.t.s.ComputationStepExecutor] Update last usage date of quality profiles | status=SUCCESS | time=13ms
2022.10.12 02:05:02 INFO  ce[AYPIwagM2Uutj6JoNNi9][o.s.c.t.s.ComputationStepExecutor] Purge db | status=SUCCESS | time=926ms
2022.10.12 02:05:04 INFO  ce[AYPIwagM2Uutj6JoNNi9][o.s.c.t.s.ComputationStepExecutor] Index analysis | status=SUCCESS | time=1846ms
2022.10.12 02:05:04 INFO  ce[AYPIwagM2Uutj6JoNNi9][o.s.c.t.s.ComputationStepExecutor] Update need issue sync for branch | status=SUCCESS | time=2ms
2022.10.12 02:05:04 INFO  ce[AYPIwagM2Uutj6JoNNi9][o.s.c.t.s.ComputationStepExecutor] Publishing taint vulnerabilities events | status=SUCCESS | time=8ms
2022.10.12 02:05:04 INFO  ce[AYPIwagM2Uutj6JoNNi9][o.s.c.t.s.ComputationStepExecutor] Send issue notifications | newIssuesNotifs=0 | newIssuesDeliveries=0 | myNewIssuesNotifs=0 | myNewIssuesDeliveries=0 | changesNotifs=0 | changesDeliveries=0 | status=SUCCESS | time=6ms
2022.10.12 02:05:04 INFO  ce[AYPIwagM2Uutj6JoNNi9][o.s.c.t.s.ComputationStepExecutor] Publish task results | status=SUCCESS | time=1ms
2022.10.12 02:05:04 INFO  ce[AYPIwagM2Uutj6JoNNi9][o.s.c.t.s.ComputationStepExecutor] Trigger refresh of Portfolios and Applications | status=SUCCESS | time=0ms
2022.10.12 02:05:04 INFO  ce[AYPIwagM2Uutj6JoNNi9][o.s.c.t.p.a.p.PostProjectAnalysisTasksExecutor] Webhooks | globalWebhooks=0 | projectWebhooks=0 | status=SUCCESS | time=8ms
2022.10.12 02:05:05 INFO  ce[AYPIwagM2Uutj6JoNNi9][o.s.c.t.CeWorkerImpl] Executed task | project=healistry-ui-admin-new-sonar | type=REPORT | id=AYPIwagM2Uutj6JoNNi9 | submitter=admin | status=SUCCESS | time=26320ms
2022.10.12 02:07:04 INFO  ce[][o.s.p.ProcessEntryPoint] Gracefully stopping process
2022.10.12 02:07:04 INFO  ce[][o.s.ce.app.CeServer] Compute Engine is stopping...
2022.10.12 02:07:04 INFO  ce[][o.s.c.t.CeProcessingSchedulerImpl] Gracefully stopping workers...
2022.10.12 02:07:04 INFO  ce[][o.s.ce.app.CeServer] Compute Engine is stopped
