2022.10.12 00:11:31 INFO  app[][o.s.a.SchedulerImpl] Stopping SonarQube
2022.10.12 00:11:31 INFO  app[][o.s.a.SchedulerImpl] Sonarqube has been requested to stop
2022.10.12 00:11:31 INFO  app[][o.s.a.SchedulerImpl] Stopping [Compute Engine] process...
2022.10.12 00:11:33 WARN  app[][o.s.a.p.AbstractManagedProcess] Process exited with exit value [Compute Engine]: 130
2022.10.12 00:11:33 INFO  app[][o.s.a.SchedulerImpl] Process[Compute Engine] is stopped
2022.10.12 00:11:33 INFO  app[][o.s.a.SchedulerImpl] Stopping [Web Server] process...
2022.10.12 00:11:33 WARN  app[][o.s.a.p.AbstractManagedProcess] Process exited with exit value [ElasticSearch]: 130
2022.10.12 00:11:33 INFO  app[][o.s.a.SchedulerImpl] Process[ElasticSearch] is stopped
2022.10.12 00:11:35 WARN  app[][o.s.a.p.AbstractManagedProcess] Process exited with exit value [Web Server]: 130
2022.10.12 00:11:35 INFO  app[][o.s.a.SchedulerImpl] Process[Web Server] is stopped
2022.10.12 00:11:35 INFO  app[][o.s.a.SchedulerImpl] SonarQube is stopped
2022.10.12 00:11:35 INFO  app[][o.s.a.SchedulerImpl] Stopping [ElasticSearch] process...
2022.10.12 02:00:25 INFO  app[][o.s.a.AppFileSystem] Cleaning or creating temp directory /Users/theeban/Desktop/SLIIT/3rd Year/2nd Semester/Hospital-Management-System/sonarqube-9.6.1.59531/temp
2022.10.12 02:00:26 INFO  app[][o.s.a.es.EsSettings] Elasticsearch listening on [HTTP: 127.0.0.1:9001, TCP: 127.0.0.1:51186]
2022.10.12 02:00:26 INFO  app[][o.s.a.ProcessLauncherImpl] Launch process[ELASTICSEARCH] from [/Users/theeban/Desktop/SLIIT/3rd Year/2nd Semester/Hospital-Management-System/sonarqube-9.6.1.59531/elasticsearch]: /Users/theeban/Desktop/SLIIT/3rd Year/2nd Semester/Hospital-Management-System/sonarqube-9.6.1.59531/elasticsearch/bin/elasticsearch
2022.10.12 02:00:26 INFO  app[][o.s.a.SchedulerImpl] Waiting for Elasticsearch to be up and running
2022.10.12 02:00:41 INFO  app[][o.s.a.SchedulerImpl] Process[es] is up
2022.10.12 02:00:41 INFO  app[][o.s.a.ProcessLauncherImpl] Launch process[WEB_SERVER] from [/Users/theeban/Desktop/SLIIT/3rd Year/2nd Semester/Hospital-Management-System/sonarqube-9.6.1.59531]: /Users/theeban/Library/Java/JavaVirtualMachines/openjdk-17.0.2/Contents/Home/bin/java -Djava.awt.headless=true -Dfile.encoding=UTF-8 -Djava.io.tmpdir=/Users/theeban/Desktop/SLIIT/3rd Year/2nd Semester/Hospital-Management-System/sonarqube-9.6.1.59531/temp -XX:-OmitStackTraceInFastThrow --add-opens=java.base/java.util=ALL-UNNAMED --add-opens=java.base/java.lang=ALL-UNNAMED --add-opens=java.base/java.io=ALL-UNNAMED --add-opens=java.rmi/sun.rmi.transport=ALL-UNNAMED --add-exports=java.base/jdk.internal.ref=ALL-UNNAMED --add-opens=java.base/java.nio=ALL-UNNAMED --add-opens=java.base/sun.nio.ch=ALL-UNNAMED --add-opens=java.management/sun.management=ALL-UNNAMED --add-opens=jdk.management/com.sun.management.internal=ALL-UNNAMED -Dcom.redhat.fips=false -Xmx512m -Xms128m -XX:+HeapDumpOnOutOfMemoryError -Dhttp.nonProxyHosts=localhost|127.*|[::1] -cp ./lib/sonar-application-9.6.1.59531.jar:/Users/theeban/Desktop/SLIIT/3rd Year/2nd Semester/Hospital-Management-System/sonarqube-9.6.1.59531/lib/jdbc/h2/h2-2.1.212.jar org.sonar.server.app.WebServer /Users/theeban/Desktop/SLIIT/3rd Year/2nd Semester/Hospital-Management-System/sonarqube-9.6.1.59531/temp/sq-process4893231529331326153properties
2022.10.12 02:00:49 INFO  app[][o.s.a.SchedulerImpl] Process[web] is up
2022.10.12 02:00:49 INFO  app[][o.s.a.ProcessLauncherImpl] Launch process[COMPUTE_ENGINE] from [/Users/theeban/Desktop/SLIIT/3rd Year/2nd Semester/Hospital-Management-System/sonarqube-9.6.1.59531]: /Users/theeban/Library/Java/JavaVirtualMachines/openjdk-17.0.2/Contents/Home/bin/java -Djava.awt.headless=true -Dfile.encoding=UTF-8 -Djava.io.tmpdir=/Users/theeban/Desktop/SLIIT/3rd Year/2nd Semester/Hospital-Management-System/sonarqube-9.6.1.59531/temp -XX:-OmitStackTraceInFastThrow --add-opens=java.base/java.util=ALL-UNNAMED --add-exports=java.base/jdk.internal.ref=ALL-UNNAMED --add-opens=java.base/java.lang=ALL-UNNAMED --add-opens=java.base/java.nio=ALL-UNNAMED --add-opens=java.base/sun.nio.ch=ALL-UNNAMED --add-opens=java.management/sun.management=ALL-UNNAMED --add-opens=jdk.management/com.sun.management.internal=ALL-UNNAMED -Dcom.redhat.fips=false -Xmx512m -Xms128m -XX:+HeapDumpOnOutOfMemoryError -Dhttp.nonProxyHosts=localhost|127.*|[::1] -cp ./lib/sonar-application-9.6.1.59531.jar:/Users/theeban/Desktop/SLIIT/3rd Year/2nd Semester/Hospital-Management-System/sonarqube-9.6.1.59531/lib/jdbc/h2/h2-2.1.212.jar org.sonar.ce.app.CeServer /Users/theeban/Desktop/SLIIT/3rd Year/2nd Semester/Hospital-Management-System/sonarqube-9.6.1.59531/temp/sq-process8113245443671203884properties
2022.10.12 02:00:52 INFO  app[][o.s.a.SchedulerImpl] Process[ce] is up
2022.10.12 02:00:52 INFO  app[][o.s.a.SchedulerImpl] SonarQube is operational
2022.10.12 02:07:04 INFO  app[][o.s.a.SchedulerImpl] Stopping SonarQube
2022.10.12 02:07:04 INFO  app[][o.s.a.SchedulerImpl] Sonarqube has been requested to stop
2022.10.12 02:07:04 INFO  app[][o.s.a.SchedulerImpl] Stopping [Compute Engine] process...
2022.10.12 02:07:04 WARN  app[][o.s.a.p.AbstractManagedProcess] Process exited with exit value [Compute Engine]: 130
2022.10.12 02:07:04 INFO  app[][o.s.a.SchedulerImpl] Process[Compute Engine] is stopped
2022.10.12 02:07:04 INFO  app[][o.s.a.SchedulerImpl] Stopping [Web Server] process...
2022.10.12 02:07:05 WARN  app[][o.s.a.p.AbstractManagedProcess] Process exited with exit value [ElasticSearch]: 130
2022.10.12 02:07:05 INFO  app[][o.s.a.SchedulerImpl] Process[ElasticSearch] is stopped
2022.10.12 02:07:05 INFO  app[][o.s.a.SchedulerImpl] Process[Web Server] is stopped
2022.10.12 02:07:05 WARN  app[][o.s.a.p.AbstractManagedProcess] Process exited with exit value [Web Server]: 130
2022.10.12 02:07:05 INFO  app[][o.s.a.SchedulerImpl] SonarQube is stopped
2022.10.12 02:07:05 INFO  app[][o.s.a.SchedulerImpl] Stopping [ElasticSearch] process...
