2022.10.12 00:11:31 INFO  web[][o.s.p.ProcessEntryPoint] Gracefully stopping process
2022.10.12 00:11:32 INFO  web[][o.s.s.n.NotificationDaemon] Notification service stopped
2022.10.12 00:11:33 INFO  web[][o.s.s.p.d.EmbeddedDatabase] Embedded database stopped
2022.10.12 00:11:33 INFO  web[][o.s.s.app.WebServer] Web Server stopped
2022.10.12 02:00:42 INFO  web[][o.s.p.ProcessEntryPoint] Starting Web Server
2022.10.12 02:00:43 INFO  web[][o.s.s.p.LogServerVersion] SonarQube Server / 9.6.1.59531 / 7398ee51f5da9a64ea123c98c5225aa5c41f700c
2022.10.12 02:00:44 INFO  web[][o.s.s.p.d.EmbeddedDatabase] Starting embedded database on port 9092 with url jdbc:h2:tcp://127.0.0.1:9092/sonar;NON_KEYWORDS=VALUE
2022.10.12 02:00:44 INFO  web[][o.s.s.p.d.EmbeddedDatabase] Embedded database started. Data stored in: /Users/theeban/Desktop/SLIIT/3rd Year/2nd Semester/Hospital-Management-System/sonarqube-9.6.1.59531/data
2022.10.12 02:00:44 INFO  web[][o.sonar.db.Database] Create JDBC data source for jdbc:h2:tcp://127.0.0.1:9092/sonar;NON_KEYWORDS=VALUE
2022.10.12 02:00:44 WARN  web[][o.s.db.dialect.H2] H2 database should be used for evaluation purpose only.
2022.10.12 02:00:45 INFO  web[][o.s.s.p.ServerFileSystemImpl] SonarQube home: /Users/theeban/Desktop/SLIIT/3rd Year/2nd Semester/Hospital-Management-System/sonarqube-9.6.1.59531
2022.10.12 02:00:45 INFO  web[][o.s.s.u.SystemPasscodeImpl] System authentication by passcode is disabled
2022.10.12 02:00:45 INFO  web[][o.s.s.p.ServerPluginManager] Deploy C# Code Quality and Security / 8.43.0.51858 / ea4ebe67a39f7307112b8ee10d3e3ac5eb47e6fe
2022.10.12 02:00:45 INFO  web[][o.s.s.p.ServerPluginManager] Deploy Configuration detection fot Code Quality and Security / 1.2.0.267 / 4f37ba9ffb37a96d5883e52ad392ed32c5c6eaab
2022.10.12 02:00:45 INFO  web[][o.s.s.p.ServerPluginManager] Deploy Flex Code Quality and Security / 2.7.0.2865 / 9e61d9774455b25eefd0b71bf8903cb030641864
2022.10.12 02:00:45 INFO  web[][o.s.s.p.ServerPluginManager] Deploy Go Code Quality and Security / 1.10.0.3710 / 8913c511c9a0db473d7f0fd2c3a4b17d60e51f5e
2022.10.12 02:00:45 INFO  web[][o.s.s.p.ServerPluginManager] Deploy HTML Code Quality and Security / 3.6.0.3106 / 963bdc9f051f5dcb698b418790364231aeea04f2
2022.10.12 02:00:45 INFO  web[][o.s.s.p.ServerPluginManager] Deploy IaC Code Quality and Security / 1.9.2.2279 / f946157f4bbec5a6a1d40cf3418a0360c8c9c1f6
2022.10.12 02:00:45 INFO  web[][o.s.s.p.ServerPluginManager] Deploy JaCoCo / 1.1.1.1157 / 83478572b9f23efac29de15e30c7758bbb0c0e47
2022.10.12 02:00:45 INFO  web[][o.s.s.p.ServerPluginManager] Deploy Java Code Quality and Security / 7.13.0.29990 / ed42c63131309d6f0272cafaf6952bef76752ee8
2022.10.12 02:00:45 INFO  web[][o.s.s.p.ServerPluginManager] Deploy JavaScript/TypeScript/CSS Code Quality and Security / 9.6.0.18814 / 5f9a18558f4c24f1459edecd07128eefb5c70a67
2022.10.12 02:00:45 INFO  web[][o.s.s.p.ServerPluginManager] Deploy Kotlin Code Quality and Security / 2.10.0.1456 / 187f0a9c30ba26886ee5975df23e2f31de86a8c1
2022.10.12 02:00:45 INFO  web[][o.s.s.p.ServerPluginManager] Deploy PHP Code Quality and Security / 3.24.0.8949 / 2bba07ff8ecbd58c23355dd195e855bec5a46070
2022.10.12 02:00:45 INFO  web[][o.s.s.p.ServerPluginManager] Deploy Python Code Quality and Security / 3.15.1.9817 / 4f1d81a373ee4f0f334f2e764484244e073a516f
2022.10.12 02:00:45 INFO  web[][o.s.s.p.ServerPluginManager] Deploy Ruby Code Quality and Security / 1.10.0.3710 / 8913c511c9a0db473d7f0fd2c3a4b17d60e51f5e
2022.10.12 02:00:45 INFO  web[][o.s.s.p.ServerPluginManager] Deploy Scala Code Quality and Security / 1.10.0.3710 / 8913c511c9a0db473d7f0fd2c3a4b17d60e51f5e
2022.10.12 02:00:45 INFO  web[][o.s.s.p.ServerPluginManager] Deploy Text file Code Quality and Security / 1.1.0.282 / a90347d77706f598413780a08442deec4ae68f4e
2022.10.12 02:00:45 INFO  web[][o.s.s.p.ServerPluginManager] Deploy VB.NET Code Quality and Security / 8.43.0.51858 / ea4ebe67a39f7307112b8ee10d3e3ac5eb47e6fe
2022.10.12 02:00:45 INFO  web[][o.s.s.p.ServerPluginManager] Deploy XML Code Quality and Security / 2.5.0.3376 / 3b089c16cf0736c56f4fdb2fc88ddad59e7ca45d
2022.10.12 02:00:46 INFO  web[][o.s.s.e.EsClientProvider] Connected to local Elasticsearch: [http://localhost:9001]
2022.10.12 02:00:46 WARN  web[][o.s.a.s.w.WebService$Action] Description is not set on action api/monitoring/metrics
2022.10.12 02:00:46 WARN  web[][o.s.a.s.w.WebService$Action] Since is not set on action api/monitoring/metrics
2022.10.12 02:00:46 WARN  web[][o.s.a.s.w.WebService$Action] The response example is not set on action api/monitoring/metrics
2022.10.12 02:00:46 WARN  web[][o.s.a.s.w.WebService$Action] The response example is not set on action api/system/liveness
2022.10.12 02:00:46 INFO  web[][o.s.s.p.w.MasterServletFilter] Initializing servlet filter org.sonar.server.platform.web.WebServiceFilter@5864e8bf [pattern=UrlPattern{inclusions=[/api/system/migrate_db.*, ...], exclusions=[/api/components/update_key, ...]}]
2022.10.12 02:00:47 INFO  web[][o.s.s.p.DetectPluginChange] Detect plugin changes
2022.10.12 02:00:47 INFO  web[][o.s.s.p.DetectPluginChange] No plugin change detected
2022.10.12 02:00:47 INFO  web[][o.s.s.a.EmbeddedTomcat] HTTP connector enabled on port 9000
2022.10.12 02:00:48 INFO  web[][o.s.s.s.LogServerId] Server ID: 147B411E-AYO949CRGSSbyXRazKxg
2022.10.12 02:00:48 WARN  web[][o.s.s.a.LogOAuthWarning] For security reasons, OAuth authentication should use HTTPS. You should set the property 'Administration > Configuration > Server base URL' to a HTTPS URL.
2022.10.12 02:00:48 INFO  web[][o.s.s.p.UpdateCenterClient] Update center: https://update.sonarsource.org/update-center.properties (no proxy)
2022.10.12 02:00:49 WARN  web[][o.s.a.s.w.WebService$Action] The response example is not set on action api/system/liveness
2022.10.12 02:00:49 WARN  web[][o.s.a.s.w.WebService$Action] The response example is not set on action api/plugins/download
2022.10.12 02:00:49 WARN  web[][o.s.a.s.w.WebService$Action] The response example is not set on action api/analysis_cache/get
2022.10.12 02:00:49 WARN  web[][o.s.a.s.w.WebService$Action] The response example is not set on action api/alm_integrations/check_pat
2022.10.12 02:00:49 WARN  web[][o.s.a.s.w.WebService$Action] The response example is not set on action api/push/sonarlint_events
2022.10.12 02:00:49 INFO  web[][o.s.s.a.p.ExpiredSessionsCleaner] Purge of expired session tokens has removed 0 elements
2022.10.12 02:00:49 INFO  web[][o.s.s.a.p.ExpiredSessionsCleaner] Purge of expired SAML message ids has removed 0 elements
2022.10.12 02:00:49 INFO  web[][o.s.s.n.NotificationDaemon] Notification service started (delay 60 sec.)
2022.10.12 02:00:49 INFO  web[][o.s.s.t.TelemetryDaemon] Sharing of SonarQube statistics is enabled.
2022.10.12 02:00:49 INFO  web[][o.s.s.s.GeneratePluginIndex] Generate scanner plugin index
2022.10.12 02:00:49 INFO  web[][o.s.s.s.RegisterPermissionTemplates] Register permission templates
2022.10.12 02:00:49 INFO  web[][o.s.s.s.RenameDeprecatedPropertyKeys] Rename deprecated property keys
2022.10.12 02:00:49 INFO  web[][o.s.s.s.RegisterPlugins] Register plugins
2022.10.12 02:00:49 INFO  web[][o.s.s.p.w.MasterServletFilter] Initializing servlet filter org.sonar.server.platform.web.SonarLintConnectionFilter@2cfb741 [pattern=UrlPattern{inclusions=[/api/*], exclusions=[]}]
2022.10.12 02:00:49 INFO  web[][o.s.s.p.w.MasterServletFilter] Initializing servlet filter org.sonar.server.platform.web.WebServiceFilter@692e605e [pattern=UrlPattern{inclusions=[/api/issues/delete_comment.*, ...], exclusions=[/api/authentication/login.*, ...]}]
2022.10.12 02:00:49 INFO  web[][o.s.s.p.w.MasterServletFilter] Initializing servlet filter org.sonar.server.platform.web.WebServiceReroutingFilter@31691ac [pattern=UrlPattern{inclusions=[/api/components/bulk_update_key, ...], exclusions=[]}]
2022.10.12 02:00:49 INFO  web[][o.s.s.p.w.MasterServletFilter] Initializing servlet filter org.sonar.server.authentication.DefaultAdminCredentialsVerifierFilter@5c31328 [pattern=UrlPattern{inclusions=[/*], exclusions=[*.css, ...]}]
2022.10.12 02:00:49 INFO  web[][o.s.s.p.w.MasterServletFilter] Initializing servlet filter org.sonar.server.authentication.InitFilter@7ac9c96e [pattern=UrlPattern{inclusions=[/sessions/init/*], exclusions=[]}]
2022.10.12 02:00:49 INFO  web[][o.s.s.p.w.MasterServletFilter] Initializing servlet filter org.sonar.server.authentication.OAuth2CallbackFilter@607f6af9 [pattern=UrlPattern{inclusions=[/oauth2/callback/*], exclusions=[]}]
2022.10.12 02:00:49 INFO  web[][o.s.s.p.w.MasterServletFilter] Initializing servlet filter org.sonar.server.authentication.ResetPasswordFilter@57530cab [pattern=UrlPattern{inclusions=[/*], exclusions=[*.css, ...]}]
2022.10.12 02:00:49 INFO  web[][o.s.s.p.w.MasterServletFilter] Initializing servlet filter org.sonar.server.authentication.ws.LoginAction@16c057c8 [pattern=UrlPattern{inclusions=[/api/authentication/login], exclusions=[]}]
2022.10.12 02:00:49 INFO  web[][o.s.s.p.w.MasterServletFilter] Initializing servlet filter org.sonar.server.authentication.ws.LogoutAction@48ccf97e [pattern=UrlPattern{inclusions=[/api/authentication/logout], exclusions=[]}]
2022.10.12 02:00:49 INFO  web[][o.s.s.p.w.MasterServletFilter] Initializing servlet filter org.sonar.server.authentication.ws.ValidateAction@31635d5d [pattern=UrlPattern{inclusions=[/api/authentication/validate], exclusions=[]}]
2022.10.12 02:00:49 INFO  web[][o.s.s.p.w.MasterServletFilter] Initializing servlet filter org.sonar.server.user.ws.ChangePasswordAction@4a941f3a [pattern=UrlPattern{inclusions=[/api/users/change_password], exclusions=[]}]
2022.10.12 02:00:49 INFO  web[][o.s.s.p.w.MasterServletFilter] Initializing servlet filter org.sonar.server.plugins.PluginsRiskConsentFilter@7ea22dbf [pattern=UrlPattern{inclusions=[/*], exclusions=[*.css, ...]}]
2022.10.12 02:00:49 INFO  web[][o.s.s.q.ProjectsInWarningDaemon] Counting number of projects in warning is not started as there are no projects in this situation.
2022.10.12 02:00:49 INFO  web[][o.s.s.p.p.PlatformLevelStartup] Running Community Edition
2022.10.12 02:00:49 INFO  web[][o.s.s.p.Platform] Web Server is operational
2022.10.12 02:07:04 INFO  web[][o.s.p.ProcessEntryPoint] Gracefully stopping process
2022.10.12 02:07:04 INFO  web[][o.s.s.n.NotificationDaemon] Notification service stopped
2022.10.12 02:07:05 INFO  web[][o.s.s.p.d.EmbeddedDatabase] Embedded database stopped
2022.10.12 02:07:05 INFO  web[][o.s.s.app.WebServer] Web Server stopped
